#
# There is insufficient memory for the Java Runtime Environment to continue.
# Native memory allocation (malloc) failed to allocate 1070416 bytes for Chunk::new
# Possible reasons:
#   The system is out of physical RAM or swap space
#   The process is running with CompressedOops enabled, and the Java Heap may be blocking the growth of the native heap
# Possible solutions:
#   Reduce memory load on the system
#   Increase physical memory or swap space
#   Check if swap backing store is full
#   Decrease Java heap size (-Xmx/-Xms)
#   Decrease number of Java threads
#   Decrease Java thread stack sizes (-Xss)
#   Set larger code cache with -XX:ReservedCodeCacheSize=
#   JVM is running with Unscaled Compressed Oops mode in which the Java heap is
#     placed in the first 4GB address space. The Java Heap base address is the
#     maximum limit for the native heap growth. Please use -XX:HeapBaseMinAddress
#     to set the Java Heap base and to place the Java Heap above 4GB virtual address.
# This output file may be truncated or incomplete.
#
#  Out of Memory Error (./src/hotspot/share/memory/arena.cpp:197), pid=16016, tid=18456
#
# JRE version: OpenJDK Runtime Environment (11.0.10) (build 11.0.10+0-b96-7249189)
# Java VM: OpenJDK 64-Bit Server VM (11.0.10+0-b96-7249189, mixed mode, tiered, compressed oops, g1 gc, windows-amd64)
# No core dump will be written. Minidumps are not enabled by default on client versions of Windows
#

---------------  S U M M A R Y ------------

Command Line: --add-opens=java.base/java.util=ALL-UNNAMED --add-opens=java.base/java.lang=ALL-UNNAMED --add-opens=java.base/java.lang.invoke=ALL-UNNAMED --add-opens=java.base/java.util=ALL-UNNAMED --add-opens=java.prefs/java.util.prefs=ALL-UNNAMED --add-opens=java.prefs/java.util.prefs=ALL-UNNAMED --add-opens=java.base/java.nio.charset=ALL-UNNAMED --add-opens=java.base/java.net=ALL-UNNAMED --add-opens=java.base/java.util.concurrent.atomic=ALL-UNNAMED -Xmx2048m -Dfile.encoding=UTF-8 -Duser.country=KR -Duser.language=ko -Duser.variant org.gradle.launcher.daemon.bootstrap.GradleDaemon 7.0.2

Host: 11th Gen Intel(R) Core(TM) i7-1165G7 @ 2.80GHz, 8 cores, 15G,  Windows 10 , 64 bit Build 19041 (10.0.19041.1202)
Time: Sat Oct  2 00:07:56 2021 대한민국 표준시 elapsed time: 12.029581 seconds (0d 0h 0m 12s)

---------------  T H R E A D  ---------------

Current thread (0x0000012282006800):  JavaThread "C2 CompilerThread2" daemon [_thread_in_native, id=18456, stack(0x000000162ba00000,0x000000162bb00000)]


Current CompileTask:
C2:  12029 11466       4       com.android.tools.r8.dex.j::e (654 bytes)

Stack: [0x000000162ba00000,0x000000162bb00000]
Native frames: (J=compiled Java code, j=interpreted, Vv=VM code, C=native code)
V  [jvm.dll+0x5ecfaa]
V  [jvm.dll+0x722bd5]
V  [jvm.dll+0x72412d]
V  [jvm.dll+0x7247e3]
V  [jvm.dll+0x242928]
V  [jvm.dll+0xbc4fc]
V  [jvm.dll+0xbca0c]
V  [jvm.dll+0x2b4fd4]
V  [jvm.dll+0x506028]
V  [jvm.dll+0x203253]
V  [jvm.dll+0x1fd07c]
V  [jvm.dll+0x1fa77f]
V  [jvm.dll+0x18354c]
V  [jvm.dll+0x208ee7]
V  [jvm.dll+0x207731]
V  [jvm.dll+0x6eb1cf]
V  [jvm.dll+0x6e3d45]
V  [jvm.dll+0x5ebe96]
C  [ucrtbase.dll+0x21bb2]
C  [KERNEL32.DLL+0x17034]
C  [ntdll.dll+0x52651]


---------------  P R O C E S S  ---------------

Threads class SMR info:
_java_thread_list=0x00000122ff5ef590, length=76, elements={
0x00000122e15ee800, 0x00000122fe2df000, 0x00000122fe2e0000, 0x00000122fe355800,
0x00000122fe359000, 0x00000122fe35a000, 0x00000122fe35b000, 0x00000122fe35c800,
0x00000122fe361800, 0x00000122fe4dd800, 0x000001228116e800, 0x00000122ffb16000,
0x0000012281788000, 0x00000122fe828000, 0x00000122816de000, 0x00000122fe888800,
0x00000122ff4c9800, 0x0000012281163000, 0x0000012280611000, 0x0000012280cec800,
0x0000012280ce5000, 0x0000012280ce5800, 0x0000012280ce0000, 0x0000012280ce1800,
0x0000012280ce6800, 0x0000012280ce2800, 0x0000012280ce1000, 0x0000012280ce3800,
0x0000012280ce4000, 0x0000012282006800, 0x0000012283d91800, 0x0000012283d95000,
0x0000012283d92800, 0x0000012283d91000, 0x0000012283d97800, 0x0000012283d98000,
0x0000012283d99000, 0x0000012283d93800, 0x0000012283d96800, 0x0000012283d9a000,
0x0000012283d94000, 0x0000012283d9d000, 0x0000012283d9a800, 0x0000012283d9e800,
0x0000012283d9b800, 0x0000012283d9e000, 0x0000012283d9c800, 0x0000012280da2000,
0x0000012280d9f800, 0x0000012280da0800, 0x0000012280d9c800, 0x0000012280da1000,
0x0000012280d9d000, 0x0000012280da3800, 0x0000012280d9e000, 0x0000012280da4800,
0x0000012280d9e800, 0x0000012280da7000, 0x0000012280da5000, 0x0000012280da6000,
0x0000012280da7800, 0x0000012280da8800, 0x0000012280da9800, 0x0000012280daa000,
0x0000012286dd2800, 0x0000012286dd3800, 0x0000012286dd4000, 0x0000012286dcf800,
0x0000012286dd1000, 0x0000012286dd2000, 0x0000012286dd0000, 0x0000012286dda000,
0x0000012286dd9000, 0x0000012286dd8800, 0x0000012286dda800, 0x0000012286dd5000
}

Java Threads: ( => current thread )
  0x00000122e15ee800 JavaThread "main" [_thread_blocked, id=22200, stack(0x0000001628e00000,0x0000001628f00000)]
  0x00000122fe2df000 JavaThread "Reference Handler" daemon [_thread_blocked, id=21640, stack(0x0000001629500000,0x0000001629600000)]
  0x00000122fe2e0000 JavaThread "Finalizer" daemon [_thread_blocked, id=16884, stack(0x0000001629600000,0x0000001629700000)]
  0x00000122fe355800 JavaThread "Signal Dispatcher" daemon [_thread_blocked, id=16640, stack(0x0000001629700000,0x0000001629800000)]
  0x00000122fe359000 JavaThread "Attach Listener" daemon [_thread_blocked, id=21708, stack(0x0000001629800000,0x0000001629900000)]
  0x00000122fe35a000 JavaThread "Service Thread" daemon [_thread_blocked, id=17920, stack(0x0000001629900000,0x0000001629a00000)]
  0x00000122fe35b000 JavaThread "C2 CompilerThread0" daemon [_thread_in_native, id=22632, stack(0x0000001629a00000,0x0000001629b00000)]
  0x00000122fe35c800 JavaThread "C1 CompilerThread0" daemon [_thread_blocked, id=16040, stack(0x0000001629b00000,0x0000001629c00000)]
  0x00000122fe361800 JavaThread "Sweeper thread" daemon [_thread_blocked, id=11724, stack(0x0000001629c00000,0x0000001629d00000)]
  0x00000122fe4dd800 JavaThread "Common-Cleaner" daemon [_thread_blocked, id=8984, stack(0x0000001629d00000,0x0000001629e00000)]
  0x000001228116e800 JavaThread "Daemon health stats" [_thread_blocked, id=10592, stack(0x000000162a600000,0x000000162a700000)]
  0x00000122ffb16000 JavaThread "Incoming local TCP Connector on port 54022" [_thread_in_native, id=7916, stack(0x0000001629f00000,0x000000162a000000)]
  0x0000012281788000 JavaThread "Daemon periodic checks" [_thread_blocked, id=22460, stack(0x000000162a500000,0x000000162a600000)]
  0x00000122fe828000 JavaThread "Daemon" [_thread_blocked, id=23684, stack(0x000000162a700000,0x000000162a800000)]
  0x00000122816de000 JavaThread "Handler for socket connection from /127.0.0.1:54022 to /127.0.0.1:54023" [_thread_in_native, id=19392, stack(0x000000162a800000,0x000000162a900000)]
  0x00000122fe888800 JavaThread "Cancel handler" [_thread_blocked, id=24376, stack(0x000000162a900000,0x000000162aa00000)]
  0x00000122ff4c9800 JavaThread "Daemon worker" [_thread_blocked, id=18832, stack(0x000000162aa00000,0x000000162ab00000)]
  0x0000012281163000 JavaThread "C2 CompilerThread1" daemon [_thread_in_native, id=17248, stack(0x000000162ab00000,0x000000162ac00000)]
  0x0000012280611000 JavaThread "Asynchronous log dispatcher for DefaultDaemonConnection: socket connection from /127.0.0.1:54022 to /127.0.0.1:54023" [_thread_blocked, id=22728, stack(0x000000162ac00000,0x000000162ad00000)]
  0x0000012280cec800 JavaThread "Stdin handler" [_thread_blocked, id=4848, stack(0x000000162ad00000,0x000000162ae00000)]
  0x0000012280ce5000 JavaThread "Daemon client event forwarder" [_thread_blocked, id=11188, stack(0x000000162ae00000,0x000000162af00000)]
  0x0000012280ce5800 JavaThread "Cache worker for file hash cache (C:\Users\kate2\.gradle\caches\7.0.2\fileHashes)" [_thread_blocked, id=22296, stack(0x000000162af00000,0x000000162b000000)]
  0x0000012280ce0000 JavaThread "File lock request listener" [_thread_in_native, id=11996, stack(0x000000162b000000,0x000000162b100000)]
  0x0000012280ce1800 JavaThread "Cache worker for journal cache (C:\Users\kate2\.gradle\caches\journal-1)" [_thread_blocked, id=14808, stack(0x000000162b400000,0x000000162b500000)]
  0x0000012280ce6800 JavaThread "Cache worker for file hash cache (C:\Users\kate2\AndroidStudioProjects\D-BUGGING\.gradle\7.0.2\fileHashes)" [_thread_blocked, id=22788, stack(0x000000162b500000,0x000000162b600000)]
  0x0000012280ce2800 JavaThread "File watcher server" daemon [_thread_in_native, id=5204, stack(0x000000162b600000,0x000000162b700000)]
  0x0000012280ce1000 JavaThread "File watcher consumer" daemon [_thread_blocked, id=7928, stack(0x000000162b700000,0x000000162b800000)]
  0x0000012280ce3800 JavaThread "Cache worker for checksums cache (C:\Users\kate2\AndroidStudioProjects\D-BUGGING\.gradle\checksums)" [_thread_blocked, id=22372, stack(0x000000162b800000,0x000000162b900000)]
  0x0000012280ce4000 JavaThread "Cache worker for cache directory md-supplier (C:\Users\kate2\.gradle\caches\7.0.2\md-supplier)" [_thread_blocked, id=11720, stack(0x000000162b900000,0x000000162ba00000)]
=>0x0000012282006800 JavaThread "C2 CompilerThread2" daemon [_thread_in_native, id=18456, stack(0x000000162ba00000,0x000000162bb00000)]
  0x0000012283d91800 JavaThread "Cache worker for cache directory md-rule (C:\Users\kate2\.gradle\caches\7.0.2\md-rule)" [_thread_blocked, id=9408, stack(0x000000162bb00000,0x000000162bc00000)]
  0x0000012283d95000 JavaThread "Cache worker for execution history cache (C:\Users\kate2\.gradle\caches\7.0.2\executionHistory)" [_thread_blocked, id=20884, stack(0x000000162bc00000,0x000000162bd00000)]
  0x0000012283d92800 JavaThread "jar transforms" [_thread_blocked, id=4920, stack(0x000000162bd00000,0x000000162be00000)]
  0x0000012283d91000 JavaThread "jar transforms Thread 2" [_thread_blocked, id=12384, stack(0x000000162be00000,0x000000162bf00000)]
  0x0000012283d97800 JavaThread "Cache worker for file content cache (C:\Users\kate2\.gradle\caches\7.0.2\fileContent)" [_thread_blocked, id=17296, stack(0x000000162bf00000,0x000000162c000000)]
  0x0000012283d98000 JavaThread "Cache worker for dependencies-accessors (C:\Users\kate2\AndroidStudioProjects\D-BUGGING\.gradle\7.0.2\dependencies-accessors)" [_thread_blocked, id=20556, stack(0x000000162c000000,0x000000162c100000)]
  0x0000012283d99000 JavaThread "jar transforms Thread 3" [_thread_blocked, id=24532, stack(0x000000162c100000,0x000000162c200000)]
  0x0000012283d93800 JavaThread "Cache worker for Build Output Cleanup Cache (C:\Users\kate2\AndroidStudioProjects\D-BUGGING\.gradle\buildOutputCleanup)" [_thread_blocked, id=2592, stack(0x000000162c200000,0x000000162c300000)]
  0x0000012283d96800 JavaThread "Build operations" [_thread_blocked, id=10140, stack(0x000000162c300000,0x000000162c400000)]
  0x0000012283d9a000 JavaThread "Build operations Thread 2" [_thread_blocked, id=21472, stack(0x000000162c400000,0x000000162c500000)]
  0x0000012283d94000 JavaThread "Build operations Thread 3" [_thread_blocked, id=21512, stack(0x000000162c500000,0x000000162c600000)]
  0x0000012283d9d000 JavaThread "Build operations Thread 4" [_thread_blocked, id=3620, stack(0x000000162c600000,0x000000162c700000)]
  0x0000012283d9a800 JavaThread "Build operations Thread 5" [_thread_blocked, id=16168, stack(0x000000162c700000,0x000000162c800000)]
  0x0000012283d9e800 JavaThread "Build operations Thread 6" [_thread_blocked, id=22416, stack(0x000000162c800000,0x000000162c900000)]
  0x0000012283d9b800 JavaThread "Build operations Thread 7" [_thread_blocked, id=14176, stack(0x000000162c900000,0x000000162ca00000)]
  0x0000012283d9e000 JavaThread "Build operations Thread 8" [_thread_blocked, id=18928, stack(0x000000162ca00000,0x000000162cb00000)]
  0x0000012283d9c800 JavaThread "jar transforms Thread 4" [_thread_blocked, id=17700, stack(0x000000162cb00000,0x000000162cc00000)]
  0x0000012280da2000 JavaThread "jar transforms Thread 5" [_thread_blocked, id=15492, stack(0x000000162cc00000,0x000000162cd00000)]
  0x0000012280d9f800 JavaThread "jar transforms Thread 6" [_thread_blocked, id=20304, stack(0x000000162cd00000,0x000000162ce00000)]
  0x0000012280da0800 JavaThread "jar transforms Thread 7" [_thread_blocked, id=18100, stack(0x000000162ce00000,0x000000162cf00000)]
  0x0000012280d9c800 JavaThread "jar transforms Thread 8" [_thread_blocked, id=10372, stack(0x000000162cf00000,0x000000162d000000)]
  0x0000012280da1000 JavaThread "Memory manager" [_thread_blocked, id=14544, stack(0x000000162d000000,0x000000162d100000)]
  0x0000012280d9d000 JavaThread "build event listener" [_thread_blocked, id=11544, stack(0x000000162d100000,0x000000162d200000)]
  0x0000012280da3800 JavaThread "Execution worker for ':'" [_thread_blocked, id=14812, stack(0x000000162d200000,0x000000162d300000)]
  0x0000012280d9e000 JavaThread "Execution worker for ':' Thread 2" [_thread_blocked, id=1580, stack(0x000000162d300000,0x000000162d400000)]
  0x0000012280da4800 JavaThread "Execution worker for ':' Thread 3" [_thread_blocked, id=4312, stack(0x000000162d400000,0x000000162d500000)]
  0x0000012280d9e800 JavaThread "Execution worker for ':' Thread 4" [_thread_blocked, id=12352, stack(0x000000162d500000,0x000000162d600000)]
  0x0000012280da7000 JavaThread "Execution worker for ':' Thread 5" [_thread_blocked, id=16260, stack(0x000000162d600000,0x000000162d700000)]
  0x0000012280da5000 JavaThread "Execution worker for ':' Thread 6" [_thread_blocked, id=15080, stack(0x000000162d700000,0x000000162d800000)]
  0x0000012280da6000 JavaThread "Execution worker for ':' Thread 7" [_thread_blocked, id=18064, stack(0x000000162d800000,0x000000162d900000)]
  0x0000012280da7800 JavaThread "Cache worker for execution history cache (C:\Users\kate2\AndroidStudioProjects\D-BUGGING\.gradle\7.0.2\executionHistory)" [_thread_blocked, id=1240, stack(0x000000162d900000,0x000000162da00000)]
  0x0000012280da8800 JavaThread "WorkerExecutor Queue" [_thread_blocked, id=11460, stack(0x000000162da00000,0x000000162db00000)]
  0x0000012280da9800 JavaThread "WorkerExecutor Queue Thread 2" [_thread_blocked, id=24116, stack(0x000000162db00000,0x000000162dc00000)]
  0x0000012280daa000 JavaThread "WorkerExecutor Queue Thread 3" [_thread_blocked, id=22000, stack(0x000000162dc00000,0x000000162dd00000)]
  0x0000012286dd2800 JavaThread "WorkerExecutor Queue Thread 4" [_thread_blocked, id=22912, stack(0x000000162dd00000,0x000000162de00000)]
  0x0000012286dd3800 JavaThread "pool-3-thread-1" [_thread_blocked, id=19712, stack(0x000000162de00000,0x000000162df00000)]
  0x0000012286dd4000 JavaThread "stderr" [_thread_in_native, id=5480, stack(0x000000162df00000,0x000000162e000000)]
  0x0000012286dcf800 JavaThread "stdout" [_thread_in_native, id=15924, stack(0x000000162e000000,0x000000162e100000)]
  0x0000012286dd1000 JavaThread "ForkJoinPool-1-worker-3" daemon [_thread_blocked, id=3588, stack(0x000000162e100000,0x000000162e200000)]
  0x0000012286dd2000 JavaThread "ForkJoinPool-1-worker-5" daemon [_thread_in_Java, id=16476, stack(0x000000162e200000,0x000000162e300000)]
  0x0000012286dd0000 JavaThread "ForkJoinPool-1-worker-7" daemon [_thread_blocked, id=18444, stack(0x000000162e300000,0x000000162e400000)]
  0x0000012286dda000 JavaThread "ForkJoinPool-1-worker-9" daemon [_thread_in_Java, id=15308, stack(0x000000162e400000,0x000000162e500000)]
  0x0000012286dd9000 JavaThread "ForkJoinPool-1-worker-11" daemon [_thread_blocked, id=552, stack(0x000000162e500000,0x000000162e600000)]
  0x0000012286dd8800 JavaThread "ForkJoinPool-1-worker-13" daemon [_thread_blocked, id=14956, stack(0x000000162e600000,0x000000162e700000)]
  0x0000012286dda800 JavaThread "ForkJoinPool-1-worker-15" daemon [_thread_blocked, id=13600, stack(0x000000162e700000,0x000000162e800000)]
  0x0000012286dd5000 JavaThread "ForkJoinPool-1-worker-1" daemon [_thread_blocked, id=15252, stack(0x000000162e800000,0x000000162e900000)]

Other Threads:
  0x00000122fdaad000 VMThread "VM Thread" [stack: 0x0000001629400000,0x0000001629500000] [id=11444]
  0x00000122fe503800 WatcherThread [stack: 0x0000001629e00000,0x0000001629f00000] [id=17308]
  0x00000122e1605800 GCTaskThread "GC Thread#0" [stack: 0x0000001628f00000,0x0000001629000000] [id=480]
  0x00000122fef72800 GCTaskThread "GC Thread#1" [stack: 0x000000162a000000,0x000000162a100000] [id=18796]
  0x00000122feeb5000 GCTaskThread "GC Thread#2" [stack: 0x000000162a100000,0x000000162a200000] [id=10416]
  0x00000122ff041000 GCTaskThread "GC Thread#3" [stack: 0x000000162a200000,0x000000162a300000] [id=12936]
  0x00000122ff072000 GCTaskThread "GC Thread#4" [stack: 0x000000162a300000,0x000000162a400000] [id=2948]
  0x00000122ff070800 GCTaskThread "GC Thread#5" [stack: 0x000000162a400000,0x000000162a500000] [id=3548]
  0x00000122ff06e800 GCTaskThread "GC Thread#6" [stack: 0x000000162b100000,0x000000162b200000] [id=20704]
  0x00000122ff072800 GCTaskThread "GC Thread#7" [stack: 0x000000162b200000,0x000000162b300000] [id=9140]
  0x00000122e1637800 ConcurrentGCThread "G1 Main Marker" [stack: 0x0000001629000000,0x0000001629100000] [id=8260]
  0x00000122e1638800 ConcurrentGCThread "G1 Conc#0" [stack: 0x0000001629100000,0x0000001629200000] [id=2996]
  0x00000122ff070000 ConcurrentGCThread "G1 Conc#1" [stack: 0x000000162b300000,0x000000162b400000] [id=24312]
  0x00000122e16ce000 ConcurrentGCThread "G1 Refine#0" [stack: 0x0000001629200000,0x0000001629300000] [id=20968]
  0x00000122868df800 ConcurrentGCThread "G1 Refine#1" [stack: 0x000000162e900000,0x000000162ea00000] [id=21196]
  0x00000122868e3000 ConcurrentGCThread "G1 Refine#2" [stack: 0x000000162ea00000,0x000000162eb00000] [id=11276]
  0x00000122868e2000 ConcurrentGCThread "G1 Refine#3" [stack: 0x000000162eb00000,0x000000162ec00000] [id=3004]
  0x00000122868e0000 ConcurrentGCThread "G1 Refine#4" [stack: 0x000000162ec00000,0x000000162ed00000] [id=9208]
  0x00000122868dc800 ConcurrentGCThread "G1 Refine#5" [stack: 0x000000162ed00000,0x000000162ee00000] [id=16428]
  0x00000122fd92a800 ConcurrentGCThread "G1 Young RemSet Sampling" [stack: 0x0000001629300000,0x0000001629400000] [id=14988]

Threads with active compile tasks:
C2 CompilerThread0  12048 11271 %     4       com.android.tools.r8.dex.j::a @ 315 (1038 bytes)
C2 CompilerThread1  12048 11382       4       com.android.tools.r8.code.w1::a (4137 bytes)
C2 CompilerThread2  12048 11466       4       com.android.tools.r8.dex.j::e (654 bytes)

VM state:not at safepoint (normal execution)

VM Mutex/Monitor currently owned by a thread: None

Heap address: 0x0000000080000000, size: 2048 MB, Compressed Oops mode: 32-bit
Narrow klass base: 0x0000000000000000, Narrow klass shift: 3
Compressed class space size: 1073741824 Address: 0x0000000100000000

Heap:
 garbage-first heap   total 262144K, used 202240K [0x0000000080000000, 0x0000000100000000)
  region size 1024K, 10 young (10240K), 5 survivors (5120K)
 Metaspace       used 95279K, capacity 97695K, committed 97920K, reserved 1134592K
  class space    used 12501K, capacity 13402K, committed 13440K, reserved 1048576K
Heap Regions: E=young(eden), S=young(survivor), O=old, HS=humongous(starts), HC=humongous(continues), CS=collection set, F=free, A=archive, TAMS=top-at-mark-start (previous, next)
|   0|0x0000000080000000, 0x0000000080100000, 0x0000000080100000|100%| O|  |TAMS 0x0000000080100000, 0x0000000080100000| Untracked 
|   1|0x0000000080100000, 0x0000000080200000, 0x0000000080200000|100%| O|  |TAMS 0x0000000080200000, 0x0000000080200000| Untracked 
|   2|0x0000000080200000, 0x0000000080300000, 0x0000000080300000|100%| O|  |TAMS 0x0000000080300000, 0x0000000080300000| Untracked 
|   3|0x0000000080300000, 0x0000000080400000, 0x0000000080400000|100%|HS|  |TAMS 0x0000000080400000, 0x0000000080400000| Complete 
|   4|0x0000000080400000, 0x0000000080500000, 0x0000000080500000|100%|HC|  |TAMS 0x0000000080500000, 0x0000000080500000| Complete 
|   5|0x0000000080500000, 0x0000000080600000, 0x0000000080600000|100%|HC|  |TAMS 0x0000000080600000, 0x0000000080600000| Complete 
|   6|0x0000000080600000, 0x0000000080700000, 0x0000000080700000|100%| O|  |TAMS 0x0000000080700000, 0x0000000080700000| Untracked 
|   7|0x0000000080700000, 0x0000000080800000, 0x0000000080800000|100%| O|  |TAMS 0x0000000080800000, 0x0000000080800000| Untracked 
|   8|0x0000000080800000, 0x0000000080900000, 0x0000000080900000|100%| O|  |TAMS 0x0000000080900000, 0x0000000080900000| Untracked 
|   9|0x0000000080900000, 0x0000000080a00000, 0x0000000080a00000|100%| O|  |TAMS 0x0000000080a00000, 0x0000000080a00000| Untracked 
|  10|0x0000000080a00000, 0x0000000080b00000, 0x0000000080b00000|100%| O|  |TAMS 0x0000000080b00000, 0x0000000080b00000| Untracked 
|  11|0x0000000080b00000, 0x0000000080c00000, 0x0000000080c00000|100%| O|  |TAMS 0x0000000080c00000, 0x0000000080c00000| Untracked 
|  12|0x0000000080c00000, 0x0000000080d00000, 0x0000000080d00000|100%| O|  |TAMS 0x0000000080d00000, 0x0000000080d00000| Untracked 
|  13|0x0000000080d00000, 0x0000000080e00000, 0x0000000080e00000|100%| O|  |TAMS 0x0000000080e00000, 0x0000000080e00000| Untracked 
|  14|0x0000000080e00000, 0x0000000080f00000, 0x0000000080f00000|100%| O|  |TAMS 0x0000000080f00000, 0x0000000080f00000| Untracked 
|  15|0x0000000080f00000, 0x0000000081000000, 0x0000000081000000|100%| O|  |TAMS 0x0000000081000000, 0x0000000081000000| Untracked 
|  16|0x0000000081000000, 0x0000000081100000, 0x0000000081100000|100%| O|  |TAMS 0x0000000081100000, 0x0000000081100000| Untracked 
|  17|0x0000000081100000, 0x0000000081200000, 0x0000000081200000|100%|HS|  |TAMS 0x0000000081200000, 0x0000000081200000| Complete 
|  18|0x0000000081200000, 0x0000000081300000, 0x0000000081300000|100%|HS|  |TAMS 0x0000000081300000, 0x0000000081300000| Complete 
|  19|0x0000000081300000, 0x0000000081400000, 0x0000000081400000|100%|HS|  |TAMS 0x0000000081400000, 0x0000000081400000| Complete 
|  20|0x0000000081400000, 0x0000000081500000, 0x0000000081500000|100%|HS|  |TAMS 0x0000000081500000, 0x0000000081500000| Complete 
|  21|0x0000000081500000, 0x0000000081600000, 0x0000000081600000|100%|HC|  |TAMS 0x0000000081600000, 0x0000000081600000| Complete 
|  22|0x0000000081600000, 0x0000000081700000, 0x0000000081700000|100%|HC|  |TAMS 0x0000000081700000, 0x0000000081700000| Complete 
|  23|0x0000000081700000, 0x0000000081800000, 0x0000000081800000|100%|HS|  |TAMS 0x0000000081800000, 0x0000000081800000| Complete 
|  24|0x0000000081800000, 0x0000000081900000, 0x0000000081900000|100%|HC|  |TAMS 0x0000000081900000, 0x0000000081900000| Complete 
|  25|0x0000000081900000, 0x0000000081a00000, 0x0000000081a00000|100%| O|  |TAMS 0x0000000081a00000, 0x0000000081a00000| Untracked 
|  26|0x0000000081a00000, 0x0000000081b00000, 0x0000000081b00000|100%| O|  |TAMS 0x0000000081b00000, 0x0000000081b00000| Untracked 
|  27|0x0000000081b00000, 0x0000000081c00000, 0x0000000081c00000|100%| O|  |TAMS 0x0000000081c00000, 0x0000000081c00000| Untracked 
|  28|0x0000000081c00000, 0x0000000081d00000, 0x0000000081d00000|100%| O|  |TAMS 0x0000000081d00000, 0x0000000081d00000| Untracked 
|  29|0x0000000081d00000, 0x0000000081e00000, 0x0000000081e00000|100%| O|  |TAMS 0x0000000081e00000, 0x0000000081e00000| Untracked 
|  30|0x0000000081e00000, 0x0000000081f00000, 0x0000000081f00000|100%| O|  |TAMS 0x0000000081f00000, 0x0000000081f00000| Untracked 
|  31|0x0000000081f00000, 0x0000000082000000, 0x0000000082000000|100%| O|  |TAMS 0x0000000082000000, 0x0000000082000000| Untracked 
|  32|0x0000000082000000, 0x0000000082100000, 0x0000000082100000|100%| O|  |TAMS 0x0000000082100000, 0x0000000082100000| Untracked 
|  33|0x0000000082100000, 0x0000000082200000, 0x0000000082200000|100%| O|  |TAMS 0x0000000082200000, 0x0000000082200000| Untracked 
|  34|0x0000000082200000, 0x0000000082300000, 0x0000000082300000|100%| O|  |TAMS 0x0000000082300000, 0x0000000082300000| Untracked 
|  35|0x0000000082300000, 0x0000000082400000, 0x0000000082400000|100%| O|  |TAMS 0x0000000082400000, 0x0000000082400000| Untracked 
|  36|0x0000000082400000, 0x0000000082500000, 0x0000000082500000|100%| O|  |TAMS 0x0000000082500000, 0x0000000082500000| Untracked 
|  37|0x0000000082500000, 0x0000000082600000, 0x0000000082600000|100%| O|  |TAMS 0x0000000082600000, 0x0000000082600000| Untracked 
|  38|0x0000000082600000, 0x0000000082700000, 0x0000000082700000|100%| O|  |TAMS 0x0000000082700000, 0x0000000082700000| Untracked 
|  39|0x0000000082700000, 0x0000000082800000, 0x0000000082800000|100%| O|  |TAMS 0x0000000082800000, 0x0000000082800000| Untracked 
|  40|0x0000000082800000, 0x0000000082900000, 0x0000000082900000|100%| O|  |TAMS 0x0000000082900000, 0x0000000082900000| Untracked 
|  41|0x0000000082900000, 0x0000000082a00000, 0x0000000082a00000|100%| O|  |TAMS 0x0000000082a00000, 0x0000000082a00000| Untracked 
|  42|0x0000000082a00000, 0x0000000082b00000, 0x0000000082b00000|100%| O|  |TAMS 0x0000000082b00000, 0x0000000082b00000| Untracked 
|  43|0x0000000082b00000, 0x0000000082c00000, 0x0000000082c00000|100%| O|  |TAMS 0x0000000082c00000, 0x0000000082c00000| Untracked 
|  44|0x0000000082c00000, 0x0000000082d00000, 0x0000000082d00000|100%| O|  |TAMS 0x0000000082d00000, 0x0000000082d00000| Untracked 
|  45|0x0000000082d00000, 0x0000000082e00000, 0x0000000082e00000|100%| O|  |TAMS 0x0000000082e00000, 0x0000000082e00000| Untracked 
|  46|0x0000000082e00000, 0x0000000082f00000, 0x0000000082f00000|100%| O|  |TAMS 0x0000000082eeae00, 0x0000000082f00000| Untracked 
|  47|0x0000000082f00000, 0x0000000083000000, 0x0000000083000000|100%| O|  |TAMS 0x0000000082f00000, 0x0000000083000000| Untracked 
|  48|0x0000000083000000, 0x0000000083100000, 0x0000000083100000|100%| O|  |TAMS 0x0000000083000000, 0x0000000083100000| Untracked 
|  49|0x0000000083100000, 0x0000000083200000, 0x0000000083200000|100%| O|  |TAMS 0x0000000083100000, 0x0000000083200000| Untracked 
|  50|0x0000000083200000, 0x0000000083300000, 0x0000000083300000|100%| O|  |TAMS 0x0000000083200000, 0x0000000083300000| Untracked 
|  51|0x0000000083300000, 0x0000000083400000, 0x0000000083400000|100%| O|  |TAMS 0x0000000083300000, 0x0000000083400000| Untracked 
|  52|0x0000000083400000, 0x0000000083500000, 0x0000000083500000|100%| O|  |TAMS 0x0000000083400000, 0x0000000083500000| Untracked 
|  53|0x0000000083500000, 0x0000000083600000, 0x0000000083600000|100%| O|  |TAMS 0x0000000083500000, 0x0000000083600000| Untracked 
|  54|0x0000000083600000, 0x0000000083700000, 0x0000000083700000|100%| O|  |TAMS 0x0000000083600000, 0x0000000083700000| Untracked 
|  55|0x0000000083700000, 0x0000000083800000, 0x0000000083800000|100%| O|  |TAMS 0x0000000083700000, 0x0000000083800000| Untracked 
|  56|0x0000000083800000, 0x0000000083900000, 0x0000000083900000|100%| O|  |TAMS 0x0000000083800000, 0x0000000083900000| Untracked 
|  57|0x0000000083900000, 0x0000000083a00000, 0x0000000083a00000|100%| O|  |TAMS 0x0000000083900000, 0x0000000083a00000| Untracked 
|  58|0x0000000083a00000, 0x0000000083b00000, 0x0000000083b00000|100%| O|  |TAMS 0x0000000083a00000, 0x0000000083b00000| Untracked 
|  59|0x0000000083b00000, 0x0000000083c00000, 0x0000000083c00000|100%| O|  |TAMS 0x0000000083b00000, 0x0000000083c00000| Untracked 
|  60|0x0000000083c00000, 0x0000000083d00000, 0x0000000083d00000|100%| O|  |TAMS 0x0000000083c00000, 0x0000000083d00000| Untracked 
|  61|0x0000000083d00000, 0x0000000083e00000, 0x0000000083e00000|100%| O|  |TAMS 0x0000000083d00000, 0x0000000083e00000| Untracked 
|  62|0x0000000083e00000, 0x0000000083f00000, 0x0000000083f00000|100%| O|  |TAMS 0x0000000083e00000, 0x0000000083f00000| Untracked 
|  63|0x0000000083f00000, 0x0000000084000000, 0x0000000084000000|100%| O|  |TAMS 0x0000000083f00000, 0x0000000084000000| Untracked 
|  64|0x0000000084000000, 0x0000000084100000, 0x0000000084100000|100%| O|  |TAMS 0x0000000084000000, 0x0000000084100000| Untracked 
|  65|0x0000000084100000, 0x0000000084200000, 0x0000000084200000|100%| O|  |TAMS 0x0000000084100000, 0x0000000084200000| Untracked 
|  66|0x0000000084200000, 0x0000000084300000, 0x0000000084300000|100%| O|  |TAMS 0x0000000084200000, 0x0000000084300000| Untracked 
|  67|0x0000000084300000, 0x0000000084400000, 0x0000000084400000|100%| O|  |TAMS 0x0000000084300000, 0x0000000084400000| Untracked 
|  68|0x0000000084400000, 0x0000000084500000, 0x0000000084500000|100%| O|  |TAMS 0x0000000084400000, 0x0000000084500000| Untracked 
|  69|0x0000000084500000, 0x0000000084600000, 0x0000000084600000|100%|HS|  |TAMS 0x0000000084500000, 0x0000000084600000| Complete 
|  70|0x0000000084600000, 0x0000000084700000, 0x0000000084700000|100%|HC|  |TAMS 0x0000000084600000, 0x0000000084700000| Complete 
|  71|0x0000000084700000, 0x0000000084800000, 0x0000000084800000|100%|HS|  |TAMS 0x0000000084700000, 0x0000000084800000| Complete 
|  72|0x0000000084800000, 0x0000000084900000, 0x0000000084900000|100%|HC|  |TAMS 0x0000000084800000, 0x0000000084900000| Complete 
|  73|0x0000000084900000, 0x0000000084a00000, 0x0000000084a00000|100%|HS|  |TAMS 0x0000000084900000, 0x0000000084a00000| Complete 
|  74|0x0000000084a00000, 0x0000000084b00000, 0x0000000084b00000|100%|HS|  |TAMS 0x0000000084a00000, 0x0000000084b00000| Complete 
|  75|0x0000000084b00000, 0x0000000084c00000, 0x0000000084c00000|100%|HS|  |TAMS 0x0000000084b00000, 0x0000000084c00000| Complete 
|  76|0x0000000084c00000, 0x0000000084d00000, 0x0000000084d00000|100%|HS|  |TAMS 0x0000000084c00000, 0x0000000084d00000| Complete 
|  77|0x0000000084d00000, 0x0000000084e00000, 0x0000000084e00000|100%|HS|  |TAMS 0x0000000084d00000, 0x0000000084e00000| Complete 
|  78|0x0000000084e00000, 0x0000000084f00000, 0x0000000084f00000|100%|HS|  |TAMS 0x0000000084e00000, 0x0000000084f00000| Complete 
|  79|0x0000000084f00000, 0x0000000085000000, 0x0000000085000000|100%|HC|  |TAMS 0x0000000084f00000, 0x0000000085000000| Complete 
|  80|0x0000000085000000, 0x0000000085100000, 0x0000000085100000|100%|HC|  |TAMS 0x0000000085000000, 0x0000000085100000| Complete 
|  81|0x0000000085100000, 0x0000000085200000, 0x0000000085200000|100%|HS|  |TAMS 0x0000000085100000, 0x0000000085200000| Complete 
|  82|0x0000000085200000, 0x0000000085300000, 0x0000000085300000|100%|HC|  |TAMS 0x0000000085200000, 0x0000000085300000| Complete 
|  83|0x0000000085300000, 0x0000000085400000, 0x0000000085400000|100%|HC|  |TAMS 0x0000000085300000, 0x0000000085400000| Complete 
|  84|0x0000000085400000, 0x0000000085500000, 0x0000000085500000|100%|HS|  |TAMS 0x0000000085400000, 0x0000000085500000| Complete 
|  85|0x0000000085500000, 0x0000000085600000, 0x0000000085600000|100%|HS|  |TAMS 0x0000000085500000, 0x0000000085600000| Complete 
|  86|0x0000000085600000, 0x0000000085700000, 0x0000000085700000|100%|HS|  |TAMS 0x0000000085600000, 0x0000000085700000| Complete 
|  87|0x0000000085700000, 0x0000000085800000, 0x0000000085800000|100%|HC|  |TAMS 0x0000000085700000, 0x0000000085800000| Complete 
|  88|0x0000000085800000, 0x0000000085900000, 0x0000000085900000|100%| O|  |TAMS 0x0000000085800000, 0x0000000085900000| Untracked 
|  89|0x0000000085900000, 0x0000000085a00000, 0x0000000085a00000|100%| O|  |TAMS 0x0000000085900000, 0x0000000085a00000| Untracked 
|  90|0x0000000085a00000, 0x0000000085b00000, 0x0000000085b00000|100%|HS|  |TAMS 0x0000000085a00000, 0x0000000085b00000| Complete 
|  91|0x0000000085b00000, 0x0000000085c00000, 0x0000000085c00000|100%|HC|  |TAMS 0x0000000085b00000, 0x0000000085c00000| Complete 
|  92|0x0000000085c00000, 0x0000000085d00000, 0x0000000085d00000|100%| O|  |TAMS 0x0000000085c00000, 0x0000000085d00000| Untracked 
|  93|0x0000000085d00000, 0x0000000085e00000, 0x0000000085e00000|100%|HS|  |TAMS 0x0000000085d00000, 0x0000000085e00000| Complete 
|  94|0x0000000085e00000, 0x0000000085f00000, 0x0000000085f00000|100%| O|  |TAMS 0x0000000085e00000, 0x0000000085f00000| Untracked 
|  95|0x0000000085f00000, 0x0000000086000000, 0x0000000086000000|100%|HS|  |TAMS 0x0000000085f00000, 0x0000000086000000| Complete 
|  96|0x0000000086000000, 0x0000000086100000, 0x0000000086100000|100%| O|  |TAMS 0x0000000086000000, 0x0000000086100000| Untracked 
|  97|0x0000000086100000, 0x0000000086200000, 0x0000000086200000|100%|HS|  |TAMS 0x0000000086100000, 0x0000000086200000| Complete 
|  98|0x0000000086200000, 0x0000000086300000, 0x0000000086300000|100%| O|  |TAMS 0x0000000086200000, 0x0000000086300000| Untracked 
|  99|0x0000000086300000, 0x0000000086400000, 0x0000000086400000|100%|HS|  |TAMS 0x0000000086300000, 0x0000000086400000| Complete 
| 100|0x0000000086400000, 0x0000000086500000, 0x0000000086500000|100%| O|  |TAMS 0x0000000086400000, 0x0000000086500000| Untracked 
| 101|0x0000000086500000, 0x0000000086600000, 0x0000000086600000|100%|HS|  |TAMS 0x0000000086500000, 0x0000000086600000| Complete 
| 102|0x0000000086600000, 0x0000000086700000, 0x0000000086700000|100%| O|  |TAMS 0x0000000086600000, 0x0000000086700000| Untracked 
| 103|0x0000000086700000, 0x0000000086800000, 0x0000000086800000|100%| O|  |TAMS 0x0000000086700000, 0x0000000086800000| Untracked 
| 104|0x0000000086800000, 0x0000000086900000, 0x0000000086900000|100%| O|  |TAMS 0x0000000086800000, 0x0000000086900000| Untracked 
| 105|0x0000000086900000, 0x0000000086a00000, 0x0000000086a00000|100%|HS|  |TAMS 0x0000000086900000, 0x0000000086a00000| Complete 
| 106|0x0000000086a00000, 0x0000000086b00000, 0x0000000086b00000|100%|HC|  |TAMS 0x0000000086a00000, 0x0000000086b00000| Complete 
| 107|0x0000000086b00000, 0x0000000086c00000, 0x0000000086c00000|100%|HC|  |TAMS 0x0000000086b00000, 0x0000000086c00000| Complete 
| 108|0x0000000086c00000, 0x0000000086d00000, 0x0000000086d00000|100%| O|  |TAMS 0x0000000086c00000, 0x0000000086d00000| Untracked 
| 109|0x0000000086d00000, 0x0000000086e00000, 0x0000000086e00000|100%| O|  |TAMS 0x0000000086d00000, 0x0000000086e00000| Untracked 
| 110|0x0000000086e00000, 0x0000000086f00000, 0x0000000086f00000|100%| O|  |TAMS 0x0000000086e00000, 0x0000000086f00000| Untracked 
| 111|0x0000000086f00000, 0x0000000087000000, 0x0000000087000000|100%|HS|  |TAMS 0x0000000086f00000, 0x0000000087000000| Complete 
| 112|0x0000000087000000, 0x0000000087100000, 0x0000000087100000|100%|HC|  |TAMS 0x0000000087000000, 0x0000000087100000| Complete 
| 113|0x0000000087100000, 0x0000000087200000, 0x0000000087200000|100%|HC|  |TAMS 0x0000000087100000, 0x0000000087200000| Complete 
| 114|0x0000000087200000, 0x0000000087300000, 0x0000000087300000|100%| O|  |TAMS 0x0000000087200000, 0x0000000087300000| Untracked 
| 115|0x0000000087300000, 0x0000000087400000, 0x0000000087400000|100%| O|  |TAMS 0x0000000087300000, 0x0000000087400000| Untracked 
| 116|0x0000000087400000, 0x0000000087500000, 0x0000000087500000|100%| O|  |TAMS 0x0000000087400000, 0x0000000087500000| Untracked 
| 117|0x0000000087500000, 0x0000000087600000, 0x0000000087600000|100%| O|  |TAMS 0x0000000087500000, 0x0000000087600000| Untracked 
| 118|0x0000000087600000, 0x0000000087700000, 0x0000000087700000|100%| O|  |TAMS 0x0000000087600000, 0x0000000087700000| Untracked 
| 119|0x0000000087700000, 0x0000000087800000, 0x0000000087800000|100%| O|  |TAMS 0x0000000087700000, 0x0000000087800000| Untracked 
| 120|0x0000000087800000, 0x0000000087900000, 0x0000000087900000|100%| O|  |TAMS 0x0000000087800000, 0x0000000087900000| Untracked 
| 121|0x0000000087900000, 0x0000000087a00000, 0x0000000087a00000|100%| O|  |TAMS 0x0000000087900000, 0x0000000087a00000| Untracked 
| 122|0x0000000087a00000, 0x0000000087b00000, 0x0000000087b00000|100%| O|  |TAMS 0x0000000087a00000, 0x0000000087b00000| Untracked 
| 123|0x0000000087b00000, 0x0000000087c00000, 0x0000000087c00000|100%| O|  |TAMS 0x0000000087b00000, 0x0000000087c00000| Untracked 
| 124|0x0000000087c00000, 0x0000000087d00000, 0x0000000087d00000|100%| O|  |TAMS 0x0000000087c00000, 0x0000000087d00000| Untracked 
| 125|0x0000000087d00000, 0x0000000087e00000, 0x0000000087e00000|100%| O|  |TAMS 0x0000000087d00000, 0x0000000087e00000| Untracked 
| 126|0x0000000087e00000, 0x0000000087f00000, 0x0000000087f00000|100%| O|  |TAMS 0x0000000087e00000, 0x0000000087f00000| Untracked 
| 127|0x0000000087f00000, 0x0000000088000000, 0x0000000088000000|100%| O|  |TAMS 0x0000000087f00000, 0x0000000088000000| Untracked 
| 128|0x0000000088000000, 0x0000000088100000, 0x0000000088100000|100%| O|  |TAMS 0x0000000088000000, 0x0000000088100000| Untracked 
| 129|0x0000000088100000, 0x0000000088200000, 0x0000000088200000|100%| O|  |TAMS 0x0000000088100000, 0x0000000088200000| Untracked 
| 130|0x0000000088200000, 0x0000000088300000, 0x0000000088300000|100%| O|  |TAMS 0x0000000088200000, 0x0000000088300000| Untracked 
| 131|0x0000000088300000, 0x0000000088400000, 0x0000000088400000|100%| O|  |TAMS 0x0000000088300000, 0x0000000088400000| Untracked 
| 132|0x0000000088400000, 0x0000000088500000, 0x0000000088500000|100%| O|  |TAMS 0x0000000088400000, 0x0000000088500000| Untracked 
| 133|0x0000000088500000, 0x0000000088600000, 0x0000000088600000|100%| O|  |TAMS 0x0000000088500000, 0x0000000088600000| Untracked 
| 134|0x0000000088600000, 0x0000000088700000, 0x0000000088700000|100%| O|  |TAMS 0x0000000088600000, 0x0000000088700000| Untracked 
| 135|0x0000000088700000, 0x0000000088800000, 0x0000000088800000|100%| O|  |TAMS 0x0000000088700000, 0x0000000088800000| Untracked 
| 136|0x0000000088800000, 0x0000000088900000, 0x0000000088900000|100%| O|  |TAMS 0x0000000088800000, 0x0000000088900000| Untracked 
| 137|0x0000000088900000, 0x0000000088a00000, 0x0000000088a00000|100%| O|  |TAMS 0x0000000088900000, 0x0000000088a00000| Untracked 
| 138|0x0000000088a00000, 0x0000000088b00000, 0x0000000088b00000|100%| O|  |TAMS 0x0000000088a00000, 0x0000000088b00000| Untracked 
| 139|0x0000000088b00000, 0x0000000088c00000, 0x0000000088c00000|100%| O|  |TAMS 0x0000000088b00000, 0x0000000088c00000| Untracked 
| 140|0x0000000088c00000, 0x0000000088d00000, 0x0000000088d00000|100%| O|  |TAMS 0x0000000088c00000, 0x0000000088d00000| Untracked 
| 141|0x0000000088d00000, 0x0000000088e00000, 0x0000000088e00000|100%| O|  |TAMS 0x0000000088d00000, 0x0000000088e00000| Untracked 
| 142|0x0000000088e00000, 0x0000000088f00000, 0x0000000088f00000|100%| O|  |TAMS 0x0000000088e00000, 0x0000000088f00000| Untracked 
| 143|0x0000000088f00000, 0x0000000089000000, 0x0000000089000000|100%| O|  |TAMS 0x0000000088f00000, 0x0000000089000000| Untracked 
| 144|0x0000000089000000, 0x0000000089100000, 0x0000000089100000|100%| O|  |TAMS 0x0000000089000000, 0x0000000089100000| Untracked 
| 145|0x0000000089100000, 0x0000000089200000, 0x0000000089200000|100%| O|  |TAMS 0x0000000089100000, 0x0000000089200000| Untracked 
| 146|0x0000000089200000, 0x0000000089300000, 0x0000000089300000|100%| O|  |TAMS 0x0000000089200000, 0x0000000089300000| Untracked 
| 147|0x0000000089300000, 0x0000000089400000, 0x0000000089400000|100%| O|  |TAMS 0x0000000089300000, 0x0000000089400000| Untracked 
| 148|0x0000000089400000, 0x0000000089500000, 0x0000000089500000|100%| O|  |TAMS 0x0000000089400000, 0x0000000089500000| Untracked 
| 149|0x0000000089500000, 0x0000000089600000, 0x0000000089600000|100%| O|  |TAMS 0x0000000089500000, 0x0000000089600000| Untracked 
| 150|0x0000000089600000, 0x0000000089700000, 0x0000000089700000|100%| O|  |TAMS 0x0000000089600000, 0x0000000089700000| Untracked 
| 151|0x0000000089700000, 0x0000000089800000, 0x0000000089800000|100%| O|  |TAMS 0x0000000089700000, 0x0000000089800000| Untracked 
| 152|0x0000000089800000, 0x0000000089900000, 0x0000000089900000|100%| O|  |TAMS 0x0000000089800000, 0x0000000089900000| Untracked 
| 153|0x0000000089900000, 0x0000000089a00000, 0x0000000089a00000|100%| O|  |TAMS 0x0000000089900000, 0x0000000089a00000| Untracked 
| 154|0x0000000089a00000, 0x0000000089b00000, 0x0000000089b00000|100%| O|  |TAMS 0x0000000089a00000, 0x0000000089b00000| Untracked 
| 155|0x0000000089b00000, 0x0000000089c00000, 0x0000000089c00000|100%| O|  |TAMS 0x0000000089b00000, 0x0000000089c00000| Untracked 
| 156|0x0000000089c00000, 0x0000000089d00000, 0x0000000089d00000|100%| O|  |TAMS 0x0000000089c00000, 0x0000000089d00000| Untracked 
| 157|0x0000000089d00000, 0x0000000089e00000, 0x0000000089e00000|100%| O|  |TAMS 0x0000000089d00000, 0x0000000089e00000| Untracked 
| 158|0x0000000089e00000, 0x0000000089f00000, 0x0000000089f00000|100%| O|  |TAMS 0x0000000089e00000, 0x0000000089f00000| Untracked 
| 159|0x0000000089f00000, 0x000000008a000000, 0x000000008a000000|100%| O|  |TAMS 0x0000000089f00000, 0x000000008a000000| Untracked 
| 160|0x000000008a000000, 0x000000008a100000, 0x000000008a100000|100%| O|  |TAMS 0x000000008a000000, 0x000000008a100000| Untracked 
| 161|0x000000008a100000, 0x000000008a200000, 0x000000008a200000|100%| O|  |TAMS 0x000000008a100000, 0x000000008a200000| Untracked 
| 162|0x000000008a200000, 0x000000008a300000, 0x000000008a300000|100%| O|  |TAMS 0x000000008a200000, 0x000000008a300000| Untracked 
| 163|0x000000008a300000, 0x000000008a400000, 0x000000008a400000|100%| O|  |TAMS 0x000000008a300000, 0x000000008a400000| Untracked 
| 164|0x000000008a400000, 0x000000008a500000, 0x000000008a500000|100%| O|  |TAMS 0x000000008a400000, 0x000000008a500000| Untracked 
| 165|0x000000008a500000, 0x000000008a600000, 0x000000008a600000|100%| O|  |TAMS 0x000000008a500000, 0x000000008a600000| Untracked 
| 166|0x000000008a600000, 0x000000008a700000, 0x000000008a700000|100%| O|  |TAMS 0x000000008a600000, 0x000000008a680000| Untracked 
| 167|0x000000008a700000, 0x000000008a800000, 0x000000008a800000|100%| O|  |TAMS 0x000000008a700000, 0x000000008a700000| Untracked 
| 168|0x000000008a800000, 0x000000008a900000, 0x000000008a900000|100%| O|  |TAMS 0x000000008a800000, 0x000000008a800000| Untracked 
| 169|0x000000008a900000, 0x000000008aa00000, 0x000000008aa00000|100%| O|  |TAMS 0x000000008a900000, 0x000000008a900000| Untracked 
| 170|0x000000008aa00000, 0x000000008ab00000, 0x000000008ab00000|100%| O|  |TAMS 0x000000008aa00000, 0x000000008aa00000| Untracked 
| 171|0x000000008ab00000, 0x000000008ac00000, 0x000000008ac00000|100%| O|  |TAMS 0x000000008ab00000, 0x000000008ab00000| Untracked 
| 172|0x000000008ac00000, 0x000000008ad00000, 0x000000008ad00000|100%| O|  |TAMS 0x000000008ac00000, 0x000000008ac00000| Untracked 
| 173|0x000000008ad00000, 0x000000008ae00000, 0x000000008ae00000|100%| O|  |TAMS 0x000000008ad00000, 0x000000008ad00000| Untracked 
| 174|0x000000008ae00000, 0x000000008af00000, 0x000000008af00000|100%| O|  |TAMS 0x000000008ae00000, 0x000000008ae00000| Untracked 
| 175|0x000000008af00000, 0x000000008b000000, 0x000000008b000000|100%| O|  |TAMS 0x000000008af00000, 0x000000008af00000| Untracked 
| 176|0x000000008b000000, 0x000000008b100000, 0x000000008b100000|100%| O|  |TAMS 0x000000008b000000, 0x000000008b000000| Untracked 
| 177|0x000000008b100000, 0x000000008b200000, 0x000000008b200000|100%| O|  |TAMS 0x000000008b100000, 0x000000008b100000| Untracked 
| 178|0x000000008b200000, 0x000000008b300000, 0x000000008b300000|100%| O|  |TAMS 0x000000008b200000, 0x000000008b200000| Untracked 
| 179|0x000000008b300000, 0x000000008b400000, 0x000000008b400000|100%| O|  |TAMS 0x000000008b300000, 0x000000008b300000| Untracked 
| 180|0x000000008b400000, 0x000000008b500000, 0x000000008b500000|100%| O|  |TAMS 0x000000008b400000, 0x000000008b400000| Untracked 
| 181|0x000000008b500000, 0x000000008b600000, 0x000000008b600000|100%| O|  |TAMS 0x000000008b500000, 0x000000008b500000| Untracked 
| 182|0x000000008b600000, 0x000000008b700000, 0x000000008b700000|100%| O|  |TAMS 0x000000008b600000, 0x000000008b600000| Untracked 
| 183|0x000000008b700000, 0x000000008b800000, 0x000000008b800000|100%| O|  |TAMS 0x000000008b700000, 0x000000008b700000| Untracked 
| 184|0x000000008b800000, 0x000000008b880000, 0x000000008b900000| 50%| O|  |TAMS 0x000000008b800000, 0x000000008b800000| Untracked 
| 185|0x000000008b900000, 0x000000008b900000, 0x000000008ba00000|  0%| F|  |TAMS 0x000000008b900000, 0x000000008b900000| Untracked 
| 186|0x000000008ba00000, 0x000000008ba00000, 0x000000008bb00000|  0%| F|  |TAMS 0x000000008ba00000, 0x000000008ba00000| Untracked 
| 187|0x000000008bb00000, 0x000000008bb00000, 0x000000008bc00000|  0%| F|  |TAMS 0x000000008bb00000, 0x000000008bb00000| Untracked 
| 188|0x000000008bc00000, 0x000000008bc00000, 0x000000008bd00000|  0%| F|  |TAMS 0x000000008bc00000, 0x000000008bc00000| Untracked 
| 189|0x000000008bd00000, 0x000000008bd00000, 0x000000008be00000|  0%| F|  |TAMS 0x000000008bd00000, 0x000000008bd00000| Untracked 
| 190|0x000000008be00000, 0x000000008be00000, 0x000000008bf00000|  0%| F|  |TAMS 0x000000008be00000, 0x000000008be00000| Untracked 
| 191|0x000000008bf00000, 0x000000008bf00000, 0x000000008c000000|  0%| F|  |TAMS 0x000000008bf00000, 0x000000008bf00000| Untracked 
| 192|0x000000008c000000, 0x000000008c000000, 0x000000008c100000|  0%| F|  |TAMS 0x000000008c000000, 0x000000008c000000| Untracked 
| 193|0x000000008c100000, 0x000000008c100000, 0x000000008c200000|  0%| F|  |TAMS 0x000000008c100000, 0x000000008c100000| Untracked 
| 194|0x000000008c200000, 0x000000008c200000, 0x000000008c300000|  0%| F|  |TAMS 0x000000008c200000, 0x000000008c200000| Untracked 
| 195|0x000000008c300000, 0x000000008c300000, 0x000000008c400000|  0%| F|  |TAMS 0x000000008c300000, 0x000000008c300000| Untracked 
| 196|0x000000008c400000, 0x000000008c400000, 0x000000008c500000|  0%| F|  |TAMS 0x000000008c400000, 0x000000008c400000| Untracked 
| 197|0x000000008c500000, 0x000000008c500000, 0x000000008c600000|  0%| F|  |TAMS 0x000000008c500000, 0x000000008c500000| Untracked 
| 198|0x000000008c600000, 0x000000008c600000, 0x000000008c700000|  0%| F|  |TAMS 0x000000008c600000, 0x000000008c600000| Untracked 
| 199|0x000000008c700000, 0x000000008c700000, 0x000000008c800000|  0%| F|  |TAMS 0x000000008c700000, 0x000000008c700000| Untracked 
| 200|0x000000008c800000, 0x000000008c800000, 0x000000008c900000|  0%| F|  |TAMS 0x000000008c800000, 0x000000008c800000| Untracked 
| 201|0x000000008c900000, 0x000000008c900000, 0x000000008ca00000|  0%| F|  |TAMS 0x000000008c900000, 0x000000008c900000| Untracked 
| 202|0x000000008ca00000, 0x000000008ca00000, 0x000000008cb00000|  0%| F|  |TAMS 0x000000008ca00000, 0x000000008ca00000| Untracked 
| 203|0x000000008cb00000, 0x000000008cb00000, 0x000000008cc00000|  0%| F|  |TAMS 0x000000008cb00000, 0x000000008cb00000| Untracked 
| 204|0x000000008cc00000, 0x000000008cc00000, 0x000000008cd00000|  0%| F|  |TAMS 0x000000008cc00000, 0x000000008cc00000| Untracked 
| 205|0x000000008cd00000, 0x000000008cd00000, 0x000000008ce00000|  0%| F|  |TAMS 0x000000008cd00000, 0x000000008cd00000| Untracked 
| 206|0x000000008ce00000, 0x000000008ce00000, 0x000000008cf00000|  0%| F|  |TAMS 0x000000008ce00000, 0x000000008ce00000| Untracked 
| 207|0x000000008cf00000, 0x000000008cf00000, 0x000000008d000000|  0%| F|  |TAMS 0x000000008cf00000, 0x000000008cf00000| Untracked 
| 208|0x000000008d000000, 0x000000008d000000, 0x000000008d100000|  0%| F|  |TAMS 0x000000008d000000, 0x000000008d000000| Untracked 
| 209|0x000000008d100000, 0x000000008d100000, 0x000000008d200000|  0%| F|  |TAMS 0x000000008d100000, 0x000000008d100000| Untracked 
| 210|0x000000008d200000, 0x000000008d200000, 0x000000008d300000|  0%| F|  |TAMS 0x000000008d200000, 0x000000008d200000| Untracked 
| 211|0x000000008d300000, 0x000000008d300000, 0x000000008d400000|  0%| F|  |TAMS 0x000000008d300000, 0x000000008d300000| Untracked 
| 212|0x000000008d400000, 0x000000008d400000, 0x000000008d500000|  0%| F|  |TAMS 0x000000008d400000, 0x000000008d400000| Untracked 
| 213|0x000000008d500000, 0x000000008d500000, 0x000000008d600000|  0%| F|  |TAMS 0x000000008d500000, 0x000000008d500000| Untracked 
| 214|0x000000008d600000, 0x000000008d600000, 0x000000008d700000|  0%| F|  |TAMS 0x000000008d600000, 0x000000008d600000| Untracked 
| 215|0x000000008d700000, 0x000000008d700000, 0x000000008d800000|  0%| F|  |TAMS 0x000000008d700000, 0x000000008d700000| Untracked 
| 216|0x000000008d800000, 0x000000008d800000, 0x000000008d900000|  0%| F|  |TAMS 0x000000008d800000, 0x000000008d800000| Untracked 
| 217|0x000000008d900000, 0x000000008d900000, 0x000000008da00000|  0%| F|  |TAMS 0x000000008d900000, 0x000000008d900000| Untracked 
| 218|0x000000008da00000, 0x000000008da00000, 0x000000008db00000|  0%| F|  |TAMS 0x000000008da00000, 0x000000008da00000| Untracked 
| 219|0x000000008db00000, 0x000000008dc00000, 0x000000008dc00000|100%| S|CS|TAMS 0x000000008db00000, 0x000000008db00000| Complete 
| 220|0x000000008dc00000, 0x000000008dd00000, 0x000000008dd00000|100%| S|CS|TAMS 0x000000008dc00000, 0x000000008dc00000| Complete 
| 221|0x000000008dd00000, 0x000000008de00000, 0x000000008de00000|100%| S|CS|TAMS 0x000000008dd00000, 0x000000008dd00000| Complete 
| 222|0x000000008de00000, 0x000000008df00000, 0x000000008df00000|100%| S|CS|TAMS 0x000000008de00000, 0x000000008de00000| Complete 
| 223|0x000000008df00000, 0x000000008e000000, 0x000000008e000000|100%| S|CS|TAMS 0x000000008df00000, 0x000000008df00000| Complete 
| 224|0x000000008e000000, 0x000000008e000000, 0x000000008e100000|  0%| F|  |TAMS 0x000000008e000000, 0x000000008e000000| Untracked 
| 225|0x000000008e100000, 0x000000008e100000, 0x000000008e200000|  0%| F|  |TAMS 0x000000008e100000, 0x000000008e100000| Untracked 
| 226|0x000000008e200000, 0x000000008e200000, 0x000000008e300000|  0%| F|  |TAMS 0x000000008e200000, 0x000000008e200000| Untracked 
| 227|0x000000008e300000, 0x000000008e300000, 0x000000008e400000|  0%| F|  |TAMS 0x000000008e300000, 0x000000008e300000| Untracked 
| 228|0x000000008e400000, 0x000000008e400000, 0x000000008e500000|  0%| F|  |TAMS 0x000000008e400000, 0x000000008e400000| Untracked 
| 229|0x000000008e500000, 0x000000008e500000, 0x000000008e600000|  0%| F|  |TAMS 0x000000008e500000, 0x000000008e500000| Untracked 
| 230|0x000000008e600000, 0x000000008e600000, 0x000000008e700000|  0%| F|  |TAMS 0x000000008e600000, 0x000000008e600000| Untracked 
| 231|0x000000008e700000, 0x000000008e700000, 0x000000008e800000|  0%| F|  |TAMS 0x000000008e700000, 0x000000008e700000| Untracked 
| 232|0x000000008e800000, 0x000000008e800000, 0x000000008e900000|  0%| F|  |TAMS 0x000000008e800000, 0x000000008e800000| Untracked 
| 233|0x000000008e900000, 0x000000008e900000, 0x000000008ea00000|  0%| F|  |TAMS 0x000000008e900000, 0x000000008e900000| Untracked 
| 234|0x000000008ea00000, 0x000000008ea00000, 0x000000008eb00000|  0%| F|  |TAMS 0x000000008ea00000, 0x000000008ea00000| Untracked 
| 235|0x000000008eb00000, 0x000000008eb00000, 0x000000008ec00000|  0%| F|  |TAMS 0x000000008eb00000, 0x000000008eb00000| Untracked 
| 236|0x000000008ec00000, 0x000000008ec00000, 0x000000008ed00000|  0%| F|  |TAMS 0x000000008ec00000, 0x000000008ec00000| Untracked 
| 237|0x000000008ed00000, 0x000000008ed00000, 0x000000008ee00000|  0%| F|  |TAMS 0x000000008ed00000, 0x000000008ed00000| Untracked 
| 238|0x000000008ee00000, 0x000000008ee00000, 0x000000008ef00000|  0%| F|  |TAMS 0x000000008ee00000, 0x000000008ee00000| Untracked 
| 239|0x000000008ef00000, 0x000000008ef00000, 0x000000008f000000|  0%| F|  |TAMS 0x000000008ef00000, 0x000000008ef00000| Untracked 
| 240|0x000000008f000000, 0x000000008f000000, 0x000000008f100000|  0%| F|  |TAMS 0x000000008f000000, 0x000000008f000000| Untracked 
| 241|0x000000008f100000, 0x000000008f100000, 0x000000008f200000|  0%| F|  |TAMS 0x000000008f100000, 0x000000008f100000| Untracked 
| 242|0x000000008f200000, 0x000000008f200000, 0x000000008f300000|  0%| F|  |TAMS 0x000000008f200000, 0x000000008f200000| Untracked 
| 243|0x000000008f300000, 0x000000008f300000, 0x000000008f400000|  0%| F|  |TAMS 0x000000008f300000, 0x000000008f300000| Untracked 
| 244|0x000000008f400000, 0x000000008f400000, 0x000000008f500000|  0%| F|  |TAMS 0x000000008f400000, 0x000000008f400000| Untracked 
| 245|0x000000008f500000, 0x000000008f525140, 0x000000008f600000| 16%| E|  |TAMS 0x000000008f500000, 0x000000008f500000| Complete 
| 246|0x000000008f600000, 0x000000008f700000, 0x000000008f700000|100%| E|CS|TAMS 0x000000008f600000, 0x000000008f600000| Complete 
| 247|0x000000008f700000, 0x000000008f800000, 0x000000008f800000|100%| E|CS|TAMS 0x000000008f700000, 0x000000008f700000| Complete 
| 248|0x000000008f800000, 0x000000008f900000, 0x000000008f900000|100%| E|CS|TAMS 0x000000008f800000, 0x000000008f800000| Complete 
| 249|0x000000008f900000, 0x000000008fa00000, 0x000000008fa00000|100%| E|CS|TAMS 0x000000008f900000, 0x000000008f900000| Complete 
| 250|0x000000008fa00000, 0x000000008fb00000, 0x000000008fb00000|100%| E|CS|TAMS 0x000000008fa00000, 0x000000008fa00000| Complete 
| 251|0x000000008fb00000, 0x000000008fc00000, 0x000000008fc00000|100%| E|CS|TAMS 0x000000008fb00000, 0x000000008fb00000| Complete 
| 252|0x000000008fc00000, 0x000000008fd00000, 0x000000008fd00000|100%| O|  |TAMS 0x000000008fc00000, 0x000000008fd00000| Untracked 
| 253|0x000000008fd00000, 0x000000008fe00000, 0x000000008fe00000|100%| O|  |TAMS 0x000000008fd00000, 0x000000008fe00000| Untracked 
| 254|0x000000008fe00000, 0x000000008ff00000, 0x000000008ff00000|100%| O|  |TAMS 0x000000008fe00000, 0x000000008ff00000| Untracked 
| 255|0x000000008ff00000, 0x0000000090000000, 0x0000000090000000|100%| O|  |TAMS 0x000000008ff00000, 0x0000000090000000| Untracked 

Card table byte_map: [0x00000122f6780000,0x00000122f6b80000] _byte_map_base: 0x00000122f6380000

Marking Bits (Prev, Next): (CMBitMap*) 0x00000122e162e788, (CMBitMap*) 0x00000122e162e7c0
 Prev Bits: [0x00000122f6f80000, 0x00000122f8f80000)
 Next Bits: [0x00000122f8f80000, 0x00000122faf80000)

Polling page: 0x00000122e16d0000

Metaspace:

Usage:
  Non-class:     82.32 MB capacity,    80.84 MB ( 98%) used,     1.21 MB (  1%) free+waste,   278.00 KB ( <1%) overhead. 
      Class:     13.09 MB capacity,    12.21 MB ( 93%) used,   773.99 KB (  6%) free+waste,   126.81 KB ( <1%) overhead. 
       Both:     95.41 MB capacity,    93.05 MB ( 98%) used,     1.96 MB (  2%) free+waste,   404.81 KB ( <1%) overhead. 

Virtual space:
  Non-class space:       84.00 MB reserved,      82.50 MB ( 98%) committed 
      Class space:        1.00 GB reserved,      13.13 MB (  1%) committed 
             Both:        1.08 GB reserved,      95.63 MB (  9%) committed 

Chunk freelists:
   Non-Class:  59.00 KB
       Class:  6.00 KB
        Both:  65.00 KB

MaxMetaspaceSize: 17179869184.00 GB
CompressedClassSpaceSize: 1.00 GB

CodeHeap 'non-profiled nmethods': size=120000Kb used=7045Kb max_used=7045Kb free=112954Kb
 bounds [0x00000122ee3d0000, 0x00000122eeac0000, 0x00000122f5900000]
CodeHeap 'profiled nmethods': size=120000Kb used=24987Kb max_used=24987Kb free=95012Kb
 bounds [0x00000122e6ea0000, 0x00000122e8710000, 0x00000122ee3d0000]
CodeHeap 'non-nmethods': size=5760Kb used=2321Kb max_used=2374Kb free=3438Kb
 bounds [0x00000122e6900000, 0x00000122e6b70000, 0x00000122e6ea0000]
 total_blobs=12361 nmethods=11445 adapters=827
 compilation: enabled
              stopped_count=0, restarted_count=0
 full_count=0

Compilation events (20 events):
Event: 11.958 Thread 0x00000122fe35c800 11530       2       com.android.tools.r8.code.v2::<init> (7 bytes)
Event: 11.958 Thread 0x00000122fe35c800 nmethod 11530 0x00000122e86fc990 code [0x00000122e86fcb60, 0x00000122e86fcd98]
Event: 11.960 Thread 0x00000122fe35c800 11531       2       com.android.tools.r8.code.l0::<init> (7 bytes)
Event: 11.960 Thread 0x00000122fe35c800 nmethod 11531 0x00000122e86fcf90 code [0x00000122e86fd160, 0x00000122e86fd398]
Event: 11.962 Thread 0x00000122fe35c800 11532       2       com.android.tools.r8.code.d0::hashCode (22 bytes)
Event: 11.962 Thread 0x00000122fe35c800 nmethod 11532 0x00000122e86fd590 code [0x00000122e86fd740, 0x00000122e86fd888]
Event: 11.963 Thread 0x00000122fe35c800 11533       2       com.android.tools.r8.code.z2::<init> (7 bytes)
Event: 11.963 Thread 0x00000122fe35c800 nmethod 11533 0x00000122e86fd910 code [0x00000122e86fdae0, 0x00000122e86fdd18]
Event: 11.967 Thread 0x00000122fe35c800 11534       2       com.android.tools.r8.code.C3::<init> (85 bytes)
Event: 11.968 Thread 0x00000122fe35c800 nmethod 11534 0x00000122e86fdf10 code [0x00000122e86fe140, 0x00000122e86fe868]
Event: 11.968 Thread 0x00000122fe35c800 11535       2       java.util.Arrays::hashCode (44 bytes)
Event: 11.969 Thread 0x00000122fe35c800 nmethod 11535 0x00000122e86fed90 code [0x00000122e86fef40, 0x00000122e86ff0b8]
Event: 11.969 Thread 0x00000122fe35c800 11536       2       com.android.tools.r8.code.w0::<init> (97 bytes)
Event: 11.969 Thread 0x00000122fe35c800 nmethod 11536 0x00000122e86ff190 code [0x00000122e86ff3a0, 0x00000122e86ff8d8]
Event: 11.977 Thread 0x00000122fe35c800 11537       2       com.android.tools.r8.code.s2::<init> (7 bytes)
Event: 11.977 Thread 0x00000122fe35c800 nmethod 11537 0x00000122e86ffd10 code [0x00000122e86ffec0, 0x00000122e8700018]
Event: 11.987 Thread 0x00000122fe35c800 11538 %     3       com.android.tools.r8.dex.j::a @ 28 (266 bytes)
Event: 11.989 Thread 0x00000122fe35c800 nmethod 11538% 0x00000122e8700110 code [0x00000122e87004a0, 0x00000122e8701d98]
Event: 11.990 Thread 0x00000122fe35c800 11539       3       com.android.tools.r8.dex.j::a (266 bytes)
Event: 11.992 Thread 0x00000122fe35c800 nmethod 11539 0x00000122e8702a10 code [0x00000122e8702da0, 0x00000122e8704538]

GC Heap History (20 events):
Event: 6.842 GC heap before
{Heap before GC invocations=8 (full 0):
 garbage-first heap   total 258048K, used 76816K [0x0000000080000000, 0x0000000100000000)
  region size 1024K, 46 young (47104K), 17 survivors (17408K)
 Metaspace       used 58611K, capacity 60062K, committed 60160K, reserved 1101824K
  class space    used 7436K, capacity 8021K, committed 8064K, reserved 1048576K
}
Event: 6.862 GC heap after
{Heap after GC invocations=9 (full 0):
 garbage-first heap   total 258048K, used 51115K [0x0000000080000000, 0x0000000100000000)
  region size 1024K, 3 young (3072K), 3 survivors (3072K)
 Metaspace       used 58611K, capacity 60062K, committed 60160K, reserved 1101824K
  class space    used 7436K, capacity 8021K, committed 8064K, reserved 1048576K
}
Event: 7.756 GC heap before
{Heap before GC invocations=10 (full 0):
 garbage-first heap   total 258048K, used 142251K [0x0000000080000000, 0x0000000100000000)
  region size 1024K, 92 young (94208K), 3 survivors (3072K)
 Metaspace       used 65914K, capacity 67421K, committed 67584K, reserved 1107968K
  class space    used 8367K, capacity 8941K, committed 8960K, reserved 1048576K
}
Event: 7.764 GC heap after
{Heap after GC invocations=11 (full 0):
 garbage-first heap   total 258048K, used 56863K [0x0000000080000000, 0x0000000100000000)
  region size 1024K, 9 young (9216K), 9 survivors (9216K)
 Metaspace       used 65914K, capacity 67421K, committed 67584K, reserved 1107968K
  class space    used 8367K, capacity 8941K, committed 8960K, reserved 1048576K
}
Event: 8.662 GC heap before
{Heap before GC invocations=12 (full 0):
 garbage-first heap   total 258048K, used 153119K [0x0000000080000000, 0x0000000100000000)
  region size 1024K, 103 young (105472K), 9 survivors (9216K)
 Metaspace       used 75157K, capacity 76792K, committed 77056K, reserved 1116160K
  class space    used 9764K, capacity 10393K, committed 10496K, reserved 1048576K
}
Event: 8.670 GC heap after
{Heap after GC invocations=13 (full 0):
 garbage-first heap   total 258048K, used 62961K [0x0000000080000000, 0x0000000100000000)
  region size 1024K, 7 young (7168K), 7 survivors (7168K)
 Metaspace       used 75157K, capacity 76792K, committed 77056K, reserved 1116160K
  class space    used 9764K, capacity 10393K, committed 10496K, reserved 1048576K
}
Event: 9.652 GC heap before
{Heap before GC invocations=13 (full 0):
 garbage-first heap   total 258048K, used 165361K [0x0000000080000000, 0x0000000100000000)
  region size 1024K, 104 young (106496K), 7 survivors (7168K)
 Metaspace       used 83037K, capacity 85020K, committed 85376K, reserved 1122304K
  class space    used 10811K, capacity 11546K, committed 11648K, reserved 1048576K
}
Event: 9.661 GC heap after
{Heap after GC invocations=14 (full 0):
 garbage-first heap   total 258048K, used 70102K [0x0000000080000000, 0x0000000100000000)
  region size 1024K, 13 young (13312K), 13 survivors (13312K)
 Metaspace       used 83037K, capacity 85020K, committed 85376K, reserved 1122304K
  class space    used 10811K, capacity 11546K, committed 11648K, reserved 1048576K
}
Event: 10.271 GC heap before
{Heap before GC invocations=14 (full 0):
 garbage-first heap   total 258048K, used 171478K [0x0000000080000000, 0x0000000100000000)
  region size 1024K, 113 young (115712K), 13 survivors (13312K)
 Metaspace       used 84646K, capacity 86739K, committed 86912K, reserved 1124352K
  class space    used 10996K, capacity 11801K, committed 11904K, reserved 1048576K
}
Event: 10.281 GC heap after
{Heap after GC invocations=15 (full 0):
 garbage-first heap   total 258048K, used 76801K [0x0000000080000000, 0x0000000100000000)
  region size 1024K, 14 young (14336K), 14 survivors (14336K)
 Metaspace       used 84646K, capacity 86739K, committed 86912K, reserved 1124352K
  class space    used 10996K, capacity 11801K, committed 11904K, reserved 1048576K
}
Event: 10.718 GC heap before
{Heap before GC invocations=15 (full 0):
 garbage-first heap   total 258048K, used 179201K [0x0000000080000000, 0x0000000100000000)
  region size 1024K, 115 young (117760K), 14 survivors (14336K)
 Metaspace       used 87071K, capacity 89325K, committed 89472K, reserved 1126400K
  class space    used 11260K, capacity 12101K, committed 12160K, reserved 1048576K
}
Event: 10.728 GC heap after
{Heap after GC invocations=16 (full 0):
 garbage-first heap   total 258048K, used 82098K [0x0000000080000000, 0x0000000100000000)
  region size 1024K, 12 young (12288K), 12 survivors (12288K)
 Metaspace       used 87071K, capacity 89325K, committed 89472K, reserved 1126400K
  class space    used 11260K, capacity 12101K, committed 12160K, reserved 1048576K
}
Event: 11.188 GC heap before
{Heap before GC invocations=16 (full 0):
 garbage-first heap   total 258048K, used 232626K [0x0000000080000000, 0x0000000100000000)
  region size 1024K, 115 young (117760K), 12 survivors (12288K)
 Metaspace       used 92695K, capacity 95014K, committed 95104K, reserved 1132544K
  class space    used 11992K, capacity 12888K, committed 12928K, reserved 1048576K
}
Event: 11.202 GC heap after
{Heap after GC invocations=17 (full 0):
 garbage-first heap   total 262144K, used 128167K [0x0000000080000000, 0x0000000100000000)
  region size 1024K, 15 young (15360K), 15 survivors (15360K)
 Metaspace       used 92695K, capacity 95014K, committed 95104K, reserved 1132544K
  class space    used 11992K, capacity 12888K, committed 12928K, reserved 1048576K
}
Event: 11.598 GC heap before
{Heap before GC invocations=17 (full 0):
 garbage-first heap   total 262144K, used 203943K [0x0000000080000000, 0x0000000100000000)
  region size 1024K, 88 young (90112K), 15 survivors (15360K)
 Metaspace       used 95075K, capacity 97486K, committed 97664K, reserved 1134592K
  class space    used 12499K, capacity 13402K, committed 13440K, reserved 1048576K
}
Event: 11.632 GC heap after
{Heap after GC invocations=18 (full 0):
 garbage-first heap   total 262144K, used 156665K [0x0000000080000000, 0x0000000100000000)
  region size 1024K, 11 young (11264K), 11 survivors (11264K)
 Metaspace       used 95075K, capacity 97486K, committed 97664K, reserved 1134592K
  class space    used 12499K, capacity 13402K, committed 13440K, reserved 1048576K
}
Event: 11.814 GC heap before
{Heap before GC invocations=18 (full 0):
 garbage-first heap   total 262144K, used 204793K [0x0000000080000000, 0x0000000100000000)
  region size 1024K, 58 young (59392K), 11 survivors (11264K)
 Metaspace       used 95260K, capacity 97695K, committed 97920K, reserved 1134592K
  class space    used 12501K, capacity 13402K, committed 13440K, reserved 1048576K
}
Event: 11.853 GC heap after
{Heap after GC invocations=19 (full 0):
 garbage-first heap   total 262144K, used 182784K [0x0000000080000000, 0x0000000100000000)
  region size 1024K, 8 young (8192K), 8 survivors (8192K)
 Metaspace       used 95260K, capacity 97695K, committed 97920K, reserved 1134592K
  class space    used 12501K, capacity 13402K, committed 13440K, reserved 1048576K
}
Event: 11.995 GC heap before
{Heap before GC invocations=19 (full 0):
 garbage-first heap   total 262144K, used 211456K [0x0000000080000000, 0x0000000100000000)
  region size 1024K, 36 young (36864K), 8 survivors (8192K)
 Metaspace       used 95278K, capacity 97695K, committed 97920K, reserved 1134592K
  class space    used 12501K, capacity 13402K, committed 13440K, reserved 1048576K
}
Event: 12.014 GC heap after
{Heap after GC invocations=20 (full 0):
 garbage-first heap   total 262144K, used 198144K [0x0000000080000000, 0x0000000100000000)
  region size 1024K, 5 young (5120K), 5 survivors (5120K)
 Metaspace       used 95278K, capacity 97695K, committed 97920K, reserved 1134592K
  class space    used 12501K, capacity 13402K, committed 13440K, reserved 1048576K
}

Deoptimization events (20 events):
Event: 11.520 Thread 0x0000012286dd8800 DEOPT PACKING pc=0x00000122eea6e404 sp=0x000000162e6fea70
Event: 11.520 Thread 0x0000012286dd8800 DEOPT UNPACKING pc=0x00000122e69083af sp=0x000000162e6fea08 mode 2
Event: 11.576 Thread 0x0000012286dda000 DEOPT PACKING pc=0x00000122e85cdf60 sp=0x000000162e4fec00
Event: 11.576 Thread 0x0000012286dda000 DEOPT UNPACKING pc=0x00000122e6928ede sp=0x000000162e4fe228 mode 0
Event: 11.649 Thread 0x0000012286dda800 DEOPT PACKING pc=0x00000122e85ddb1b sp=0x000000162e7fe5a0
Event: 11.649 Thread 0x0000012286dda800 DEOPT UNPACKING pc=0x00000122e6928ede sp=0x000000162e7fe1d0 mode 0
Event: 11.664 Thread 0x0000012286dd9000 DEOPT PACKING pc=0x00000122e85ddb1b sp=0x000000162e5fe2c0
Event: 11.664 Thread 0x0000012286dd9000 DEOPT UNPACKING pc=0x00000122e6928ede sp=0x000000162e5fdef0 mode 0
Event: 11.664 Thread 0x0000012286dd8800 Uncommon trap: trap_request=0xffffff4d fr.pc=0x00000122eea8afac relative=0x000000000000036c
Event: 11.664 Thread 0x0000012286dd8800 Uncommon trap: reason=unstable_if action=reinterpret pc=0x00000122eea8afac method=java.util.concurrent.ConcurrentLinkedQueue.offer(Ljava/lang/Object;)Z @ 96 c2
Event: 11.664 Thread 0x0000012286dd8800 DEOPT PACKING pc=0x00000122eea8afac sp=0x000000162e6fee70
Event: 11.664 Thread 0x0000012286dd8800 DEOPT UNPACKING pc=0x00000122e69083af sp=0x000000162e6fee18 mode 2
Event: 11.676 Thread 0x0000012286dd2000 DEOPT PACKING pc=0x00000122e85ddb1b sp=0x000000162e2fe040
Event: 11.676 Thread 0x0000012286dd2000 DEOPT UNPACKING pc=0x00000122e6928ede sp=0x000000162e2fdc70 mode 0
Event: 11.870 Thread 0x0000012286dd2000 Uncommon trap: trap_request=0xffffff4d fr.pc=0x00000122eeaa4f58 relative=0x00000000000013f8
Event: 11.870 Thread 0x0000012286dd2000 Uncommon trap: reason=unstable_if action=reinterpret pc=0x00000122eeaa4f58 method=com.android.tools.r8.dex.j.i()Lcom/android/tools/r8/graph/f0; @ 38 c2
Event: 11.870 Thread 0x0000012286dd2000 DEOPT PACKING pc=0x00000122eeaa4f58 sp=0x000000162e2fe7f0
Event: 11.870 Thread 0x0000012286dd2000 DEOPT UNPACKING pc=0x00000122e69083af sp=0x000000162e2fe7e0 mode 2
Event: 11.992 Thread 0x0000012286dd5000 DEOPT PACKING pc=0x00000122e8691d38 sp=0x000000162e8fee10
Event: 11.992 Thread 0x0000012286dd5000 DEOPT UNPACKING pc=0x00000122e6928ede sp=0x000000162e8fe3e8 mode 0

Classes redefined (0 events):
No events

Internal exceptions (20 events):
Event: 10.490 Thread 0x00000122ff4c9800 Exception <a 'sun/nio/fs/WindowsException'{0x000000008d022208}> (0x000000008d022208) thrown at [./src/hotspot/share/prims/jni.cpp, line 615]
Event: 10.490 Thread 0x00000122ff4c9800 Exception <a 'sun/nio/fs/WindowsException'{0x000000008d023888}> (0x000000008d023888) thrown at [./src/hotspot/share/prims/jni.cpp, line 615]
Event: 10.504 Thread 0x00000122ff4c9800 Exception <a 'java/lang/NoSuchMethodError'{0x000000008cfc4030}: <clinit>> (0x000000008cfc4030) thrown at [./src/hotspot/share/prims/jni.cpp, line 1362]
Event: 10.507 Thread 0x00000122ff4c9800 Exception <a 'java/lang/NoSuchMethodError'{0x000000008ce0f188}: <clinit>> (0x000000008ce0f188) thrown at [./src/hotspot/share/prims/jni.cpp, line 1362]
Event: 10.509 Thread 0x00000122ff4c9800 Exception <a 'java/lang/NoSuchMethodError'{0x000000008ce4e778}: <clinit>> (0x000000008ce4e778) thrown at [./src/hotspot/share/prims/jni.cpp, line 1362]
Event: 10.510 Thread 0x00000122ff4c9800 Exception <a 'java/lang/NoSuchMethodError'{0x000000008ce67a68}: <clinit>> (0x000000008ce67a68) thrown at [./src/hotspot/share/prims/jni.cpp, line 1362]
Event: 10.985 Thread 0x0000012280daa000 Exception <a 'sun/nio/fs/WindowsException'{0x000000008b4a1010}> (0x000000008b4a1010) thrown at [./src/hotspot/share/prims/jni.cpp, line 615]
Event: 11.116 Thread 0x0000012280daa000 Exception <a 'java/lang/NoSuchMethodError'{0x000000008a34dc68}: 'java.lang.Object java.lang.invoke.DirectMethodHandle$Holder.invokeStatic(java.lang.Object, java.lang.Object, java.lang.Object, java.lang.Object, java.lang.Object, java.lang.Object, java.lang.Object, java.lang.Object, java.lang.Object, java.lang.Object, java.lang.Object, java.lang.Object, java.lang.Object, java.lang.Object, java.lang.Object, java.lang.Object, java.lang.Object, java.lang.Object, int, java.lang.Object)'> (0x000000008a34dc68) thr
Event: 11.117 Thread 0x0000012280daa000 Exception <a 'java/lang/NoSuchMethodError'{0x000000008a3534f8}: 'java.lang.Object java.lang.invoke.DirectMethodHandle$Holder.invokeStaticInit(java.lang.Object, java.lang.Object, java.lang.Object, java.lang.Object, java.lang.Object, java.lang.Object, java.lang.Object, java.lang.Object, java.lang.Object, java.lang.Object, java.lang.Object, java.lang.Object, java.lang.Object, java.lang.Object, java.lang.Object, java.lang.Object, java.lang.Object, java.lang.Object, int, java.lang.Object)'> (0x000000008a3534f8)
Event: 11.118 Thread 0x0000012280da8800 Exception <a 'java/lang/NoSuchMethodError'{0x000000008a4d1438}: 'void java.lang.invoke.DirectMethodHandle$Holder.invokeStatic(java.lang.Object, long)'> (0x000000008a4d1438) thrown at [./src/hotspot/share/interpreter/linkResolver.cpp, line 773]
Event: 11.119 Thread 0x0000012280da8800 Exception <a 'java/lang/NoSuchMethodError'{0x000000008a377318}: 'java.lang.Object java.lang.invoke.DirectMethodHandle$Holder.invokeStatic(java.lang.Object, long)'> (0x000000008a377318) thrown at [./src/hotspot/share/interpreter/linkResolver.cpp, line 773]
Event: 11.120 Thread 0x0000012280da8800 Exception <a 'java/lang/NoSuchMethodError'{0x000000008a385680}: 'java.lang.Object java.lang.invoke.DirectMethodHandle$Holder.invokeStaticInit(java.lang.Object, java.lang.Object, long, java.lang.Object)'> (0x000000008a385680) thrown at [./src/hotspot/share/interpreter/linkResolver.cpp, line 773]
Event: 11.121 Thread 0x0000012280da8800 Exception <a 'java/lang/NoSuchMethodError'{0x000000008a38b818}: 'java.lang.Object java.lang.invoke.DirectMethodHandle$Holder.invokeStatic(java.lang.Object, java.lang.Object, long)'> (0x000000008a38b818) thrown at [./src/hotspot/share/interpreter/linkResolver.cpp, line 773]
Event: 11.121 Thread 0x0000012280da8800 Exception <a 'java/lang/NoSuchMethodError'{0x000000008a391d90}: 'java.lang.Object java.lang.invoke.Invokers$Holder.linkToTargetMethod(java.lang.Object, long, java.lang.Object)'> (0x000000008a391d90) thrown at [./src/hotspot/share/interpreter/linkResolver.cpp, line 773]
Event: 11.279 Thread 0x0000012280da8800 Exception <a 'java/lang/NoSuchMethodError'{0x000000008ee83768}: 'int java.lang.invoke.DirectMethodHandle$Holder.invokeSpecialIFC(java.lang.Object, java.lang.Object, java.lang.Object)'> (0x000000008ee83768) thrown at [./src/hotspot/share/interpreter/linkResolver.cpp, line 773]
Event: 11.479 Thread 0x0000012286dd0000 Exception <a 'java/lang/NoSuchMethodError'{0x000000008c07d850}: 'java.lang.Object java.lang.invoke.DirectMethodHandle$Holder.newInvokeSpecial(java.lang.Object, int)'> (0x000000008c07d850) thrown at [./src/hotspot/share/interpreter/linkResolver.cpp, line 773]
Event: 11.479 Thread 0x0000012286dd9000 Exception <a 'java/lang/NoSuchMethodError'{0x000000008c124c50}: 'java.lang.Object java.lang.invoke.DirectMethodHandle$Holder.newInvokeSpecial(java.lang.Object, int)'> (0x000000008c124c50) thrown at [./src/hotspot/share/interpreter/linkResolver.cpp, line 773]
Event: 11.479 Thread 0x0000012286dd5000 Exception <a 'java/lang/IncompatibleClassChangeError'{0x000000008c045c18}: Found class java.lang.Object, but interface was expected> (0x000000008c045c18) thrown at [./src/hotspot/share/interpreter/linkResolver.cpp, line 839]
Event: 11.483 Thread 0x0000012286dd5000 Exception <a 'java/lang/IncompatibleClassChangeError'{0x000000008c0ea3b0}: Found class java.lang.Object, but interface was expected> (0x000000008c0ea3b0) thrown at [./src/hotspot/share/interpreter/linkResolver.cpp, line 839]
Event: 11.483 Thread 0x0000012286dd5000 Exception <a 'java/lang/IncompatibleClassChangeError'{0x000000008c0f1848}: Found class java.lang.Object, but interface was expected> (0x000000008c0f1848) thrown at [./src/hotspot/share/interpreter/linkResolver.cpp, line 839]

Events (20 events):
Event: 11.566 loading class com/android/tools/r8/internal/ku$d
Event: 11.566 loading class com/android/tools/r8/internal/ku$d done
Event: 11.566 loading class com/android/tools/r8/internal/lu
Event: 11.566 loading class com/android/tools/r8/internal/lu done
Event: 11.598 Executing VM operation: G1CollectForAllocation
Event: 11.632 Executing VM operation: G1CollectForAllocation done
Event: 11.666 loading class com/android/tools/r8/internal/f8
Event: 11.666 loading class com/android/tools/r8/internal/f8 done
Event: 11.739 loading class com/android/tools/r8/graph/f0$a
Event: 11.739 loading class com/android/tools/r8/graph/f0$a done
Event: 11.772 loading class org/gradle/process/internal/health/memory/JvmMemoryStatusSnapshot
Event: 11.772 loading class org/gradle/process/internal/health/memory/JvmMemoryStatusSnapshot done
Event: 11.772 Executing VM operation: RevokeBias
Event: 11.773 Executing VM operation: RevokeBias done
Event: 11.773 Executing VM operation: RevokeBias
Event: 11.774 Executing VM operation: RevokeBias done
Event: 11.814 Executing VM operation: G1CollectForAllocation
Event: 11.853 Executing VM operation: G1CollectForAllocation done
Event: 11.992 Executing VM operation: G1CollectForAllocation
Event: 12.014 Executing VM operation: G1CollectForAllocation done


Dynamic libraries:
0x00007ff68d1a0000 - 0x00007ff68d1aa000 	C:\Program Files\Android\Android Studio\jre\bin\java.exe
0x00007ffd0b170000 - 0x00007ffd0b365000 	C:\windows\SYSTEM32\ntdll.dll
0x00007ffd098f0000 - 0x00007ffd099ae000 	C:\windows\System32\KERNEL32.DLL
0x00007ffd08b00000 - 0x00007ffd08dc9000 	C:\windows\System32\KERNELBASE.dll
0x00007ffd089d0000 - 0x00007ffd08ad0000 	C:\windows\System32\ucrtbase.dll
0x00007ffcd6190000 - 0x00007ffcd61a9000 	C:\Program Files\Android\Android Studio\jre\bin\jli.dll
0x00007ffcd5da0000 - 0x00007ffcd5db7000 	C:\Program Files\Android\Android Studio\jre\bin\VCRUNTIME140.dll
0x00007ffd091c0000 - 0x00007ffd09361000 	C:\windows\System32\USER32.dll
0x00007ffd08ad0000 - 0x00007ffd08af2000 	C:\windows\System32\win32u.dll
0x00007ffceb850000 - 0x00007ffcebaea000 	C:\windows\WinSxS\amd64_microsoft.windows.common-controls_6595b64144ccf1df_6.0.19041.1110_none_60b5254171f9507e\COMCTL32.dll
0x00007ffd09c10000 - 0x00007ffd09c3b000 	C:\windows\System32\GDI32.dll
0x00007ffd08f60000 - 0x00007ffd0906b000 	C:\windows\System32\gdi32full.dll
0x00007ffd09ea0000 - 0x00007ffd09f3e000 	C:\windows\System32\msvcrt.dll
0x00007ffd090d0000 - 0x00007ffd0916d000 	C:\windows\System32\msvcp_win.dll
0x00007ffd09420000 - 0x00007ffd09450000 	C:\windows\System32\IMM32.DLL
0x00007ffccf090000 - 0x00007ffccf12d000 	C:\Program Files\Android\Android Studio\jre\bin\msvcp140.dll
0x00007ffcb4620000 - 0x00007ffcb50ef000 	C:\Program Files\Android\Android Studio\jre\bin\server\jvm.dll
0x00007ffd09fc0000 - 0x00007ffd0a06c000 	C:\windows\System32\ADVAPI32.dll
0x00007ffd0a3b0000 - 0x00007ffd0a44b000 	C:\windows\System32\sechost.dll
0x00007ffd09d10000 - 0x00007ffd09e3a000 	C:\windows\System32\RPCRT4.dll
0x00007ffd0a3a0000 - 0x00007ffd0a3a8000 	C:\windows\System32\PSAPI.DLL
0x00007ffd01ea0000 - 0x00007ffd01ea9000 	C:\windows\SYSTEM32\WSOCK32.dll
0x00007ffd0a0d0000 - 0x00007ffd0a13b000 	C:\windows\System32\WS2_32.dll
0x00007ffd00e50000 - 0x00007ffd00e5a000 	C:\windows\SYSTEM32\VERSION.dll
0x00007ffceeee0000 - 0x00007ffceef07000 	C:\windows\SYSTEM32\WINMM.dll
0x00007ffd07110000 - 0x00007ffd07122000 	C:\windows\SYSTEM32\kernel.appcore.dll
0x00007ffd01d80000 - 0x00007ffd01d91000 	C:\Program Files\Android\Android Studio\jre\bin\verify.dll
0x00007ffd06da0000 - 0x00007ffd06f84000 	C:\windows\SYSTEM32\DBGHELP.DLL
0x00007ffcefc10000 - 0x00007ffcefc3c000 	C:\windows\SYSTEM32\dbgcore.DLL
0x00007ffd08940000 - 0x00007ffd089c3000 	C:\windows\System32\bcryptPrimitives.dll
0x00007ffd00260000 - 0x00007ffd00289000 	C:\Program Files\Android\Android Studio\jre\bin\java.dll
0x00007ffd01d70000 - 0x00007ffd01d7b000 	C:\Program Files\Android\Android Studio\jre\bin\jimage.dll
0x00007ffd01aa0000 - 0x00007ffd01ab8000 	C:\Program Files\Android\Android Studio\jre\bin\zip.dll
0x00007ffd0a450000 - 0x00007ffd0ab8f000 	C:\windows\System32\SHELL32.dll
0x00007ffd064f0000 - 0x00007ffd06c80000 	C:\windows\SYSTEM32\windows.storage.dll
0x00007ffd0ac20000 - 0x00007ffd0af75000 	C:\windows\System32\combase.dll
0x00007ffd082e0000 - 0x00007ffd0830c000 	C:\windows\SYSTEM32\Wldp.dll
0x00007ffd09370000 - 0x00007ffd0941e000 	C:\windows\System32\SHCORE.dll
0x00007ffd09e40000 - 0x00007ffd09e95000 	C:\windows\System32\shlwapi.dll
0x00007ffd087d0000 - 0x00007ffd087ef000 	C:\windows\SYSTEM32\profapi.dll
0x00007ffd00f40000 - 0x00007ffd00f5a000 	C:\Program Files\Android\Android Studio\jre\bin\net.dll
0x00007ffd035b0000 - 0x00007ffd036b8000 	C:\windows\SYSTEM32\WINHTTP.dll
0x00007ffd08040000 - 0x00007ffd080aa000 	C:\windows\system32\mswsock.dll
0x00007ffd00740000 - 0x00007ffd00754000 	C:\Program Files\Android\Android Studio\jre\bin\nio.dll
0x00007ffce5570000 - 0x00007ffce5597000 	C:\Users\kate2\.gradle\native\8bec1ad78214c89d9ad589b4d07fe93259594b29d510b10fafb7a158f7737e5d\windows-amd64\native-platform.dll
0x00007ffcbbc40000 - 0x00007ffcbbd7d000 	C:\Users\kate2\.gradle\native\53dbd7edfb1c66fb8903c78663c9afc45aea4f116125fa6feffd364cf09443e8\windows-amd64\native-platform-file-events.dll
0x00007ffd01b90000 - 0x00007ffd01b9a000 	C:\Program Files\Android\Android Studio\jre\bin\management.dll
0x00007ffd00f10000 - 0x00007ffd00f1c000 	C:\Program Files\Android\Android Studio\jre\bin\management_ext.dll
0x00007ffd08230000 - 0x00007ffd08248000 	C:\windows\SYSTEM32\CRYPTSP.dll
0x00007ffd07950000 - 0x00007ffd07984000 	C:\windows\system32\rsaenh.dll
0x00007ffd08dd0000 - 0x00007ffd08df7000 	C:\windows\System32\bcrypt.dll
0x00007ffd08790000 - 0x00007ffd087be000 	C:\windows\SYSTEM32\USERENV.dll
0x00007ffd08250000 - 0x00007ffd0825c000 	C:\windows\SYSTEM32\CRYPTBASE.dll
0x00007ffd07ce0000 - 0x00007ffd07d1b000 	C:\windows\SYSTEM32\IPHLPAPI.DLL
0x00007ffd0a390000 - 0x00007ffd0a398000 	C:\windows\System32\NSI.dll
0x00007ffd02910000 - 0x00007ffd02927000 	C:\windows\SYSTEM32\dhcpcsvc6.DLL
0x00007ffd028e0000 - 0x00007ffd028fd000 	C:\windows\SYSTEM32\dhcpcsvc.DLL
0x00007ffd07d30000 - 0x00007ffd07dfc000 	C:\windows\SYSTEM32\DNSAPI.dll

dbghelp: loaded successfully - version: 4.0.5 - missing functions: none
symbol engine: initialized successfully - sym options: 0x614 - pdb path: .;C:\Program Files\Android\Android Studio\jre\bin;C:\windows\SYSTEM32;C:\windows\WinSxS\amd64_microsoft.windows.common-controls_6595b64144ccf1df_6.0.19041.1110_none_60b5254171f9507e;C:\Program Files\Android\Android Studio\jre\bin\server;C:\Users\kate2\.gradle\native\8bec1ad78214c89d9ad589b4d07fe93259594b29d510b10fafb7a158f7737e5d\windows-amd64;C:\Users\kate2\.gradle\native\53dbd7edfb1c66fb8903c78663c9afc45aea4f116125fa6feffd364cf09443e8\windows-amd64

VM Arguments:
jvm_args: --add-opens=java.base/java.util=ALL-UNNAMED --add-opens=java.base/java.lang=ALL-UNNAMED --add-opens=java.base/java.lang.invoke=ALL-UNNAMED --add-opens=java.base/java.util=ALL-UNNAMED --add-opens=java.prefs/java.util.prefs=ALL-UNNAMED --add-opens=java.prefs/java.util.prefs=ALL-UNNAMED --add-opens=java.base/java.nio.charset=ALL-UNNAMED --add-opens=java.base/java.net=ALL-UNNAMED --add-opens=java.base/java.util.concurrent.atomic=ALL-UNNAMED -Xmx2048m -Dfile.encoding=UTF-8 -Duser.country=KR -Duser.language=ko -Duser.variant 
java_command: org.gradle.launcher.daemon.bootstrap.GradleDaemon 7.0.2
java_class_path (initial): C:\Users\kate2\.gradle\wrapper\dists\gradle-7.0.2-bin\857tjihv64xamwrf0h14cai3r\gradle-7.0.2\lib\gradle-launcher-7.0.2.jar
Launcher Type: SUN_STANDARD

[Global flags]
     intx CICompilerCount                          = 4                                         {product} {ergonomic}
     uint ConcGCThreads                            = 2                                         {product} {ergonomic}
     uint G1ConcRefinementThreads                  = 8                                         {product} {ergonomic}
   size_t G1HeapRegionSize                         = 1048576                                   {product} {ergonomic}
    uintx GCDrainStackTargetSize                   = 64                                        {product} {ergonomic}
   size_t InitialHeapSize                          = 264241152                                 {product} {ergonomic}
   size_t MarkStackSize                            = 4194304                                   {product} {ergonomic}
   size_t MaxHeapSize                              = 2147483648                                {product} {command line}
   size_t MaxNewSize                               = 1287651328                                {product} {ergonomic}
   size_t MinHeapDeltaBytes                        = 1048576                                   {product} {ergonomic}
    uintx NonNMethodCodeHeapSize                   = 5836300                                {pd product} {ergonomic}
    uintx NonProfiledCodeHeapSize                  = 122910970                              {pd product} {ergonomic}
    uintx ProfiledCodeHeapSize                     = 122910970                              {pd product} {ergonomic}
    uintx ReservedCodeCacheSize                    = 251658240                              {pd product} {ergonomic}
     bool SegmentedCodeCache                       = true                                      {product} {ergonomic}
     bool UseCompressedClassPointers               = true                                 {lp64_product} {ergonomic}
     bool UseCompressedOops                        = true                                 {lp64_product} {ergonomic}
     bool UseG1GC                                  = true                                      {product} {ergonomic}
     bool UseLargePagesIndividualAllocation        = false                                  {pd product} {ergonomic}

Logging:
Log output configuration:
 #0: stdout all=warning uptime,level,tags
 #1: stderr all=off uptime,level,tags

Environment Variables:
JAVA_HOME=C:\Program Files\Java\jdk-11.0.12
CLASSPATH=C:\Program Files\Java\jdk-11.0.12\lib
PATH=C:\Program Files\Common Files\Oracle\Java\javapath;C:\Program Files (x86)\Common Files\Oracle\Java\javapath;C:\Program Files (x86)\VMware\VMware Workstation\bin\;C:\windows\system32;C:\windows;C:\windows\System32\Wbem;C:\windows\System32\WindowsPowerShell\v1.0\;C:\windows\System32\OpenSSH\;C:\Program Files\Java\jdk-11.0.12\bin\;C:\Program Files\Git\cmd;C:\Program Files\MySQL\MySQL Server 8.0\bin;C:\Program Files\nodejs\;C:\Program Files (x86)\PuTTY\;C:\Program Files\Java\jdk-11.0.12\bin\;C:\Program Files\MySQL\MySQL Shell 8.0\bin\;C:\Users\kate2\AppData\Local\Microsoft\WindowsApps;;C:\Users\kate2\AppData\Local\Programs\Microsoft VS Code\bin;C:\Users\kate2\AppData\Roaming\npm;C:\Program Files (x86)\ESTsoft\ALSee\x64
USERNAME=kate2
OS=Windows_NT
PROCESSOR_IDENTIFIER=Intel64 Family 6 Model 140 Stepping 1, GenuineIntel



---------------  S Y S T E M  ---------------

OS: Windows 10 , 64 bit Build 19041 (10.0.19041.1202)
OS uptime: 4 days 14:41 hours

CPU:total 8 (initial active 8) (4 cores per cpu, 2 threads per core) family 6 model 140 stepping 1 microcode 0x8a, cmov, cx8, fxsr, mmx, sse, sse2, sse3, ssse3, sse4.1, sse4.2, popcnt, avx, avx2, aes, clmul, erms, 3dnowpref, lzcnt, ht, tsc, tscinvbit, bmi1, bmi2, adx, evex, sha, fma

Memory: 4k page, system-wide physical 16057M (2238M free)
TotalPageFile size 18960M (AvailPageFile size 6M)
current process WorkingSet (physical memory assigned to process): 544M, peak: 545M
current process commit charge ("private bytes"): 590M, peak: 592M

vm_info: OpenJDK 64-Bit Server VM (11.0.10+0-b96-7249189) for windows-amd64 JRE (11.0.10+0-b96-7249189), built on Mar 31 2021 21:44:00 by "builder" with MS VC++ 14.0 (VS2015)

END.
